TN:
SF:src/components/AIInputWithSearch.js
FN:47,(anonymous_0)
FN:69,(anonymous_1)
FN:81,(anonymous_2)
FN:83,(anonymous_3)
FN:87,(anonymous_4)
FN:98,(anonymous_5)
FN:104,(anonymous_6)
FN:108,(anonymous_7)
FN:121,(anonymous_8)
FN:122,(anonymous_9)
FN:132,(anonymous_10)
FN:219,(anonymous_11)
FN:243,(anonymous_12)
FN:301,(anonymous_13)
FN:310,(anonymous_14)
FN:318,(anonymous_15)
FN:326,(anonymous_16)
FN:333,(anonymous_17)
FN:342,(anonymous_18)
FN:348,(anonymous_19)
FN:353,(anonymous_20)
FNF:21
FNH:0
FNDA:0,(anonymous_0)
FNDA:0,(anonymous_1)
FNDA:0,(anonymous_2)
FNDA:0,(anonymous_3)
FNDA:0,(anonymous_4)
FNDA:0,(anonymous_5)
FNDA:0,(anonymous_6)
FNDA:0,(anonymous_7)
FNDA:0,(anonymous_8)
FNDA:0,(anonymous_9)
FNDA:0,(anonymous_10)
FNDA:0,(anonymous_11)
FNDA:0,(anonymous_12)
FNDA:0,(anonymous_13)
FNDA:0,(anonymous_14)
FNDA:0,(anonymous_15)
FNDA:0,(anonymous_16)
FNDA:0,(anonymous_17)
FNDA:0,(anonymous_18)
FNDA:0,(anonymous_19)
FNDA:0,(anonymous_20)
DA:26,0
DA:45,0
DA:47,0
DA:54,0
DA:55,0
DA:56,0
DA:57,0
DA:58,0
DA:59,0
DA:60,0
DA:61,0
DA:62,0
DA:63,0
DA:64,0
DA:65,0
DA:66,0
DA:69,0
DA:70,0
DA:81,0
DA:82,0
DA:83,0
DA:84,0
DA:85,0
DA:87,0
DA:88,0
DA:89,0
DA:92,0
DA:93,0
DA:98,0
DA:99,0
DA:100,0
DA:101,0
DA:103,0
DA:104,0
DA:108,0
DA:109,0
DA:110,0
DA:112,0
DA:115,0
DA:121,0
DA:122,0
DA:123,0
DA:132,0
DA:133,0
DA:134,0
DA:135,0
DA:136,0
DA:141,0
DA:145,0
DA:146,0
DA:147,0
DA:151,0
DA:155,0
DA:165,0
DA:192,0
DA:194,0
DA:195,0
DA:198,0
DA:207,0
DA:210,0
DA:211,0
DA:212,0
DA:219,0
DA:220,0
DA:222,0
DA:223,0
DA:224,0
DA:225,0
DA:227,0
DA:228,0
DA:229,0
DA:231,0
DA:233,0
DA:235,0
DA:238,0
DA:239,0
DA:243,0
DA:244,0
DA:245,0
DA:247,0
DA:250,0
DA:254,0
DA:257,0
DA:271,0
DA:273,0
DA:274,0
DA:275,0
DA:276,0
DA:279,0
DA:280,0
DA:282,0
DA:284,0
DA:286,0
DA:287,0
DA:288,0
DA:291,0
DA:292,0
DA:295,0
DA:296,0
DA:297,0
DA:301,0
DA:302,0
DA:303,0
DA:305,0
DA:310,0
DA:311,0
DA:318,0
DA:319,0
DA:326,0
DA:327,0
DA:333,0
DA:334,0
DA:342,0
DA:343,0
DA:348,0
DA:349,0
DA:350,0
DA:353,0
DA:354,0
DA:355,0
DA:358,0
DA:494,0
LF:122
LH:0
BRDA:26,0,0,0
BRDA:26,0,1,0
BRDA:48,1,0,0
BRDA:82,2,0,0
BRDA:82,2,1,0
BRDA:99,3,0,0
BRDA:99,3,1,0
BRDA:99,4,0,0
BRDA:99,4,1,0
BRDA:112,5,0,0
BRDA:112,5,1,0
BRDA:115,6,0,0
BRDA:115,6,1,0
BRDA:135,7,0,0
BRDA:135,7,1,0
BRDA:145,8,0,0
BRDA:145,8,1,0
BRDA:166,9,0,0
BRDA:166,9,1,0
BRDA:220,10,0,0
BRDA:220,10,1,0
BRDA:233,11,0,0
BRDA:233,11,1,0
BRDA:273,12,0,0
BRDA:273,12,1,0
BRDA:280,13,0,0
BRDA:280,13,1,0
BRDA:284,14,0,0
BRDA:284,14,1,0
BRDA:302,15,0,0
BRDA:302,15,1,0
BRDA:313,16,0,0
BRDA:313,16,1,0
BRDA:321,17,0,0
BRDA:321,17,1,0
BRDA:393,18,0,0
BRDA:393,18,1,0
BRDA:395,19,0,0
BRDA:395,19,1,0
BRDA:396,20,0,0
BRDA:396,20,1,0
BRDA:429,21,0,0
BRDA:429,21,1,0
BRDA:429,21,2,0
BRDA:429,22,0,0
BRDA:429,22,1,0
BRDA:435,23,0,0
BRDA:435,23,1,0
BRDA:441,24,0,0
BRDA:441,24,1,0
BRDA:443,25,0,0
BRDA:443,25,1,0
BRDA:463,26,0,0
BRDA:463,26,1,0
BRDA:470,27,0,0
BRDA:470,27,1,0
BRDA:470,27,2,0
BRDA:470,27,3,0
BRF:58
BRH:0
end_of_record
TN:
SF:src/components/AddCustomServiceModal.js
FN:24,AddCustomServiceModal
FN:34,(anonymous_1)
FN:42,(anonymous_2)
FN:47,(anonymous_3)
FN:61,(anonymous_4)
FN:65,(anonymous_5)
FN:82,(anonymous_6)
FN:122,(anonymous_7)
FN:179,(anonymous_8)
FN:186,(anonymous_9)
FN:213,(anonymous_10)
FN:223,(anonymous_11)
FN:259,(anonymous_12)
FNF:13
FNH:0
FNDA:0,AddCustomServiceModal
FNDA:0,(anonymous_1)
FNDA:0,(anonymous_2)
FNDA:0,(anonymous_3)
FNDA:0,(anonymous_4)
FNDA:0,(anonymous_5)
FNDA:0,(anonymous_6)
FNDA:0,(anonymous_7)
FNDA:0,(anonymous_8)
FNDA:0,(anonymous_9)
FNDA:0,(anonymous_10)
FNDA:0,(anonymous_11)
FNDA:0,(anonymous_12)
DA:15,0
DA:25,0
DA:26,0
DA:28,0
DA:29,0
DA:30,0
DA:31,0
DA:32,0
DA:34,0
DA:35,0
DA:36,0
DA:37,0
DA:38,0
DA:39,0
DA:42,0
DA:43,0
DA:44,0
DA:47,0
DA:48,0
DA:49,0
DA:50,0
DA:52,0
DA:53,0
DA:54,0
DA:55,0
DA:57,0
DA:61,0
DA:62,0
DA:65,0
DA:66,0
DA:67,0
DA:68,0
DA:71,0
DA:73,0
DA:79,0
DA:82,0
DA:83,0
DA:84,0
DA:85,0
DA:86,0
DA:89,0
DA:123,0
DA:180,0
DA:186,0
DA:214,0
DA:224,0
DA:225,0
DA:260,0
DA:261,0
DA:380,0
LF:50
LH:0
BRDA:25,0,0,0
BRDA:25,1,0,0
BRDA:25,1,1,0
BRDA:48,2,0,0
BRDA:48,2,1,0
BRDA:49,3,0,0
BRDA:49,3,1,0
BRDA:53,4,0,0
BRDA:53,4,1,0
BRDA:54,5,0,0
BRDA:54,5,1,0
BRDA:54,6,0,0
BRDA:54,6,1,0
BRDA:67,7,0,0
BRDA:67,7,1,0
BRDA:67,8,0,0
BRDA:67,8,1,0
BRDA:71,9,0,0
BRDA:71,9,1,0
BRDA:83,10,0,0
BRDA:83,10,1,0
BRDA:84,11,0,0
BRDA:84,11,1,0
BRDA:84,12,0,0
BRDA:84,12,1,0
BRDA:85,13,0,0
BRDA:85,13,1,0
BRDA:85,14,0,0
BRDA:85,14,1,0
BRDA:101,15,0,0
BRDA:101,15,1,0
BRDA:128,16,0,0
BRDA:128,16,1,0
BRDA:141,17,0,0
BRDA:141,17,1,0
BRDA:160,18,0,0
BRDA:160,18,1,0
BRDA:199,19,0,0
BRDA:199,19,1,0
BRDA:219,20,0,0
BRDA:219,20,1,0
BRDA:220,21,0,0
BRDA:220,21,1,0
BRDA:231,22,0,0
BRDA:231,22,1,0
BRDA:236,23,0,0
BRDA:236,23,1,0
BRDA:253,24,0,0
BRDA:253,24,1,0
BRDA:271,25,0,0
BRDA:271,25,1,0
BRDA:280,26,0,0
BRDA:280,26,1,0
BRDA:288,27,0,0
BRDA:288,27,1,0
BRDA:299,28,0,0
BRDA:299,28,1,0
BRDA:304,29,0,0
BRDA:304,29,1,0
BRDA:304,29,2,0
BRDA:310,30,0,0
BRDA:310,30,1,0
BRDA:333,31,0,0
BRDA:333,31,1,0
BRDA:336,32,0,0
BRDA:336,32,1,0
BRDA:342,33,0,0
BRDA:342,33,1,0
BRDA:357,34,0,0
BRDA:357,34,1,0
BRDA:358,35,0,0
BRDA:358,35,1,0
BRDA:361,36,0,0
BRDA:361,36,1,0
BRDA:365,37,0,0
BRDA:365,37,1,0
BRDA:368,38,0,0
BRDA:368,38,1,0
BRF:78
BRH:0
end_of_record
TN:
SF:src/components/AddPersonalEventModal.js
FN:21,AddPersonalEventModal
FN:33,(anonymous_1)
FN:62,(anonymous_2)
FN:100,(anonymous_3)
FN:116,(anonymous_4)
FN:125,(anonymous_5)
FN:172,(anonymous_6)
FN:180,(anonymous_7)
FN:204,(anonymous_8)
FN:238,(anonymous_9)
FN:253,(anonymous_10)
FN:298,(anonymous_11)
FN:306,(anonymous_12)
FN:322,(anonymous_13)
FN:336,(anonymous_14)
FN:348,(anonymous_15)
FN:362,(anonymous_16)
FN:374,(anonymous_17)
FN:388,(anonymous_18)
FN:400,(anonymous_19)
FN:414,(anonymous_20)
FN:426,(anonymous_21)
FN:438,(anonymous_22)
FNF:23
FNH:0
FNDA:0,AddPersonalEventModal
FNDA:0,(anonymous_1)
FNDA:0,(anonymous_2)
FNDA:0,(anonymous_3)
FNDA:0,(anonymous_4)
FNDA:0,(anonymous_5)
FNDA:0,(anonymous_6)
FNDA:0,(anonymous_7)
FNDA:0,(anonymous_8)
FNDA:0,(anonymous_9)
FNDA:0,(anonymous_10)
FNDA:0,(anonymous_11)
FNDA:0,(anonymous_12)
FNDA:0,(anonymous_13)
FNDA:0,(anonymous_14)
FNDA:0,(anonymous_15)
FNDA:0,(anonymous_16)
FNDA:0,(anonymous_17)
FNDA:0,(anonymous_18)
FNDA:0,(anonymous_19)
FNDA:0,(anonymous_20)
FNDA:0,(anonymous_21)
FNDA:0,(anonymous_22)
DA:22,0
DA:23,0
DA:26,0
DA:27,0
DA:28,0
DA:29,0
DA:30,0
DA:31,0
DA:32,0
DA:33,0
DA:34,0
DA:35,0
DA:36,0
DA:38,0
DA:41,0
DA:42,0
DA:43,0
DA:45,0
DA:53,0
DA:62,0
DA:64,0
DA:65,0
DA:66,0
DA:70,0
DA:71,0
DA:72,0
DA:73,0
DA:75,0
DA:78,0
DA:79,0
DA:80,0
DA:81,0
DA:82,0
DA:85,0
DA:96,0
DA:97,0
DA:100,0
DA:102,0
DA:103,0
DA:104,0
DA:105,0
DA:106,0
DA:107,0
DA:108,0
DA:109,0
DA:110,0
DA:111,0
DA:112,0
DA:113,0
DA:116,0
DA:117,0
DA:125,0
DA:126,0
DA:132,0
DA:173,0
DA:180,0
DA:204,0
DA:238,0
DA:253,0
DA:299,0
DA:306,0
DA:323,0
DA:324,0
DA:325,0
DA:336,0
DA:349,0
DA:362,0
DA:375,0
DA:388,0
DA:401,0
DA:415,0
DA:416,0
DA:427,0
DA:428,0
DA:439,0
DA:440,0
DA:450,0
LF:77
LH:0
BRDA:22,0,0,0
BRDA:22,1,0,0
BRDA:22,1,1,0
BRDA:31,2,0,0
BRDA:31,2,1,0
BRDA:64,3,0,0
BRDA:64,3,1,0
BRDA:71,4,0,0
BRDA:71,4,1,0
BRDA:79,5,0,0
BRDA:79,5,1,0
BRDA:87,6,0,0
BRDA:87,6,1,0
BRDA:88,7,0,0
BRDA:88,7,1,0
BRDA:91,8,0,0
BRDA:91,8,1,0
BRDA:107,9,0,0
BRDA:107,9,1,0
BRDA:142,10,0,0
BRDA:142,10,1,0
BRDA:178,11,0,0
BRDA:178,11,1,0
BRDA:185,12,0,0
BRDA:185,12,1,0
BRDA:190,13,0,0
BRDA:190,13,1,0
BRDA:226,14,0,0
BRDA:226,14,1,0
BRDA:232,15,0,0
BRDA:232,15,1,0
BRDA:304,16,0,0
BRDA:304,16,1,0
BRDA:308,17,0,0
BRDA:308,17,1,0
BRDA:318,18,0,0
BRDA:318,18,1,0
BRDA:318,18,2,0
BRDA:318,18,3,0
BRDA:331,19,0,0
BRDA:331,19,1,0
BRDA:331,19,2,0
BRDA:349,20,0,0
BRDA:349,20,1,0
BRDA:357,21,0,0
BRDA:357,21,1,0
BRDA:357,21,2,0
BRDA:375,22,0,0
BRDA:375,22,1,0
BRDA:383,23,0,0
BRDA:383,23,1,0
BRDA:383,23,2,0
BRDA:401,24,0,0
BRDA:401,24,1,0
BRDA:409,25,0,0
BRDA:409,25,1,0
BRDA:409,25,2,0
BRDA:416,26,0,0
BRDA:416,26,1,0
BRDA:421,27,0,0
BRDA:421,27,1,0
BRDA:421,27,2,0
BRDA:428,28,0,0
BRDA:428,28,1,0
BRDA:433,29,0,0
BRDA:433,29,1,0
BRDA:433,29,2,0
BRDA:440,30,0,0
BRDA:440,30,1,0
BRF:69
BRH:0
end_of_record
TN:
SF:src/components/AnimatedText.js
FN:11,(anonymous_0)
FN:15,(anonymous_1)
FN:29,(anonymous_2)
FN:43,(anonymous_3)
FN:53,(anonymous_4)
FNF:5
FNH:0
FNDA:0,(anonymous_0)
FNDA:0,(anonymous_1)
FNDA:0,(anonymous_2)
FNDA:0,(anonymous_3)
FNDA:0,(anonymous_4)
DA:11,0
DA:12,0
DA:13,0
DA:15,0
DA:16,0
DA:18,0
DA:23,0
DA:29,0
DA:30,0
DA:36,0
DA:43,0
DA:48,0
DA:50,0
DA:54,0
DA:67,0
LF:15
LH:0
BRDA:11,0,0,0
BRDA:11,1,0,0
BRDA:44,2,0,0
BRDA:45,3,0,0
BRDA:46,4,0,0
BRDA:56,5,0,0
BRDA:56,5,1,0
BRF:7
BRH:0
end_of_record
TN:
SF:src/components/BudgetInputModal.js
FN:17,BudgetInputModal
FN:25,(anonymous_1)
FN:42,(anonymous_2)
FN:47,(anonymous_3)
FN:54,(anonymous_4)
FNF:5
FNH:0
FNDA:0,BudgetInputModal
FNDA:0,(anonymous_1)
FNDA:0,(anonymous_2)
FNDA:0,(anonymous_3)
FNDA:0,(anonymous_4)
DA:18,0
DA:19,0
DA:21,0
DA:25,0
DA:26,0
DA:29,0
DA:30,0
DA:33,0
DA:38,0
DA:39,0
DA:42,0
DA:43,0
DA:44,0
DA:47,0
DA:48,0
DA:49,0
DA:50,0
DA:51,0
DA:54,0
DA:56,0
DA:57,0
DA:60,0
DA:172,0
LF:23
LH:0
BRDA:18,0,0,0
BRDA:18,1,0,0
BRDA:18,1,1,0
BRDA:22,2,0,0
BRDA:22,2,1,0
BRDA:22,2,2,0
BRDA:29,3,0,0
BRDA:29,3,1,0
BRDA:29,4,0,0
BRDA:29,4,1,0
BRDA:29,4,2,0
BRDA:48,5,0,0
BRDA:48,5,1,0
BRDA:50,6,0,0
BRDA:50,6,1,0
BRDA:69,7,0,0
BRDA:69,7,1,0
BRDA:93,8,0,0
BRDA:93,8,1,0
BRDA:96,9,0,0
BRDA:96,9,1,0
BRDA:98,10,0,0
BRDA:98,10,1,0
BRDA:131,11,0,0
BRDA:131,11,1,0
BRDA:131,11,2,0
BRDA:153,12,0,0
BRDA:153,12,1,0
BRDA:153,13,0,0
BRDA:153,13,1,0
BRDA:154,14,0,0
BRDA:154,14,1,0
BRDA:154,15,0,0
BRDA:154,15,1,0
BRDA:158,16,0,0
BRDA:158,16,1,0
BRF:36
BRH:0
end_of_record
TN:
SF:src/components/ConversationsSection.js
FN:18,ConversationsSection
FN:29,(anonymous_1)
FN:34,(anonymous_2)
FN:44,(anonymous_3)
FN:46,(anonymous_4)
FN:48,(anonymous_5)
FN:54,(anonymous_6)
FN:59,(anonymous_7)
FN:71,(anonymous_8)
FN:92,(anonymous_9)
FN:96,(anonymous_10)
FN:97,(anonymous_11)
FN:108,(anonymous_12)
FN:153,(anonymous_13)
FN:166,(anonymous_14)
FN:216,(anonymous_15)
FNF:16
FNH:0
FNDA:0,ConversationsSection
FNDA:0,(anonymous_1)
FNDA:0,(anonymous_2)
FNDA:0,(anonymous_3)
FNDA:0,(anonymous_4)
FNDA:0,(anonymous_5)
FNDA:0,(anonymous_6)
FNDA:0,(anonymous_7)
FNDA:0,(anonymous_8)
FNDA:0,(anonymous_9)
FNDA:0,(anonymous_10)
FNDA:0,(anonymous_11)
FNDA:0,(anonymous_12)
FNDA:0,(anonymous_13)
FNDA:0,(anonymous_14)
FNDA:0,(anonymous_15)
DA:19,0
DA:20,0
DA:22,0
DA:23,0
DA:24,0
DA:25,0
DA:26,0
DA:29,0
DA:30,0
DA:34,0
DA:35,0
DA:37,0
DA:45,0
DA:46,0
DA:48,0
DA:49,0
DA:54,0
DA:55,0
DA:59,0
DA:60,0
DA:61,0
DA:62,0
DA:63,0
DA:65,0
DA:67,0
DA:71,0
DA:72,0
DA:74,0
DA:75,0
DA:76,0
DA:77,0
DA:78,0
DA:80,0
DA:82,0
DA:85,0
DA:86,0
DA:88,0
DA:92,0
DA:93,0
DA:94,0
DA:96,0
DA:97,0
DA:98,0
DA:104,0
DA:108,0
DA:110,0
DA:111,0
DA:121,0
DA:122,0
DA:129,0
DA:153,0
DA:167,0
DA:216,0
DA:273,0
LF:54
LH:0
BRDA:19,0,0,0
BRDA:19,1,0,0
BRDA:19,1,1,0
BRDA:20,2,0,0
BRDA:20,2,1,0
BRDA:35,3,0,0
BRDA:35,3,1,0
BRDA:72,4,0,0
BRDA:72,4,1,0
BRDA:77,5,0,0
BRDA:77,5,1,0
BRDA:98,6,0,0
BRDA:98,6,1,0
BRDA:110,7,0,0
BRDA:110,7,1,0
BRDA:121,8,0,0
BRDA:121,8,1,0
BRDA:139,9,0,0
BRDA:139,9,1,0
BRDA:155,10,0,0
BRDA:155,10,1,0
BRDA:172,11,0,0
BRDA:172,11,1,0
BRDA:180,12,0,0
BRDA:180,12,1,0
BRDA:187,13,0,0
BRDA:187,13,1,0
BRDA:187,13,2,0
BRDA:200,14,0,0
BRDA:200,14,1,0
BRDA:213,15,0,0
BRDA:213,15,1,0
BRDA:227,16,0,0
BRDA:227,16,1,0
BRDA:227,16,2,0
BRDA:253,17,0,0
BRDA:253,17,1,0
BRDA:256,18,0,0
BRDA:256,18,1,0
BRDA:258,19,0,0
BRDA:258,19,1,0
BRDA:264,20,0,0
BRDA:264,20,1,0
BRF:43
BRH:0
end_of_record
TN:
SF:src/components/CustomCalendar.js
FN:5,(anonymous_0)
FN:8,(anonymous_1)
FN:19,(anonymous_2)
FN:27,(anonymous_3)
FN:31,(anonymous_4)
FN:37,(anonymous_5)
FN:45,(anonymous_6)
FN:53,(anonymous_7)
FN:83,(anonymous_8)
FN:104,(anonymous_9)
FN:121,(anonymous_10)
FN:127,(anonymous_11)
FN:134,(anonymous_12)
FNF:13
FNH:0
FNDA:0,(anonymous_0)
FNDA:0,(anonymous_1)
FNDA:0,(anonymous_2)
FNDA:0,(anonymous_3)
FNDA:0,(anonymous_4)
FNDA:0,(anonymous_5)
FNDA:0,(anonymous_6)
FNDA:0,(anonymous_7)
FNDA:0,(anonymous_8)
FNDA:0,(anonymous_9)
FNDA:0,(anonymous_10)
FNDA:0,(anonymous_11)
FNDA:0,(anonymous_12)
DA:5,0
DA:6,0
DA:8,0
DA:9,0
DA:10,0
DA:11,0
DA:12,0
DA:13,0
DA:14,0
DA:16,0
DA:19,0
DA:20,0
DA:21,0
DA:22,0
DA:23,0
DA:24,0
DA:27,0
DA:28,0
DA:31,0
DA:32,0
DA:33,0
DA:34,0
DA:37,0
DA:38,0
DA:39,0
DA:40,0
DA:41,0
DA:42,0
DA:45,0
DA:47,0
DA:48,0
DA:49,0
DA:50,0
DA:53,0
DA:54,0
DA:55,0
DA:58,0
DA:59,0
DA:63,0
DA:64,0
DA:65,0
DA:66,0
DA:67,0
DA:68,0
DA:69,0
DA:70,0
DA:72,0
DA:83,0
DA:101,0
DA:104,0
DA:105,0
DA:106,0
DA:107,0
DA:110,0
DA:115,0
DA:117,0
DA:121,0
DA:127,0
DA:135,0
DA:147,0
LF:60
LH:0
BRDA:20,0,0,0
BRDA:20,0,1,0
BRDA:20,1,0,0
BRDA:20,1,1,0
BRDA:24,2,0,0
BRDA:24,2,1,0
BRDA:28,3,0,0
BRDA:28,3,1,0
BRDA:77,4,0,0
BRDA:77,4,1,0
BRDA:78,5,0,0
BRDA:78,5,1,0
BRDA:78,5,2,0
BRDA:79,6,0,0
BRDA:79,6,1,0
BRDA:80,7,0,0
BRDA:80,7,1,0
BRDA:81,8,0,0
BRDA:81,8,1,0
BRDA:81,8,2,0
BRDA:89,9,0,0
BRDA:89,9,1,0
BRDA:90,10,0,0
BRDA:90,10,1,0
BRDA:90,10,2,0
BRDA:91,11,0,0
BRDA:91,11,1,0
BRDA:91,11,2,0
BRDA:92,12,0,0
BRDA:92,12,1,0
BRDA:92,12,2,0
BRF:31
BRH:0
end_of_record
TN:
SF:src/components/DateRangePicker.js
FN:6,DateRangePicker
FN:11,(anonymous_1)
FN:28,(anonymous_2)
FN:42,(anonymous_3)
FN:53,(anonymous_4)
FN:64,(anonymous_5)
FN:78,(anonymous_6)
FN:84,(anonymous_7)
FN:85,(anonymous_8)
FN:88,(anonymous_9)
FN:114,(anonymous_10)
FN:125,(anonymous_11)
FN:140,(anonymous_12)
FN:163,(anonymous_13)
FN:172,(anonymous_14)
FNF:15
FNH:0
FNDA:0,DateRangePicker
FNDA:0,(anonymous_1)
FNDA:0,(anonymous_2)
FNDA:0,(anonymous_3)
FNDA:0,(anonymous_4)
FNDA:0,(anonymous_5)
FNDA:0,(anonymous_6)
FNDA:0,(anonymous_7)
FNDA:0,(anonymous_8)
FNDA:0,(anonymous_9)
FNDA:0,(anonymous_10)
FNDA:0,(anonymous_11)
FNDA:0,(anonymous_12)
FNDA:0,(anonymous_13)
FNDA:0,(anonymous_14)
DA:7,0
DA:8,0
DA:9,0
DA:11,0
DA:12,0
DA:13,0
DA:14,0
DA:15,0
DA:16,0
DA:18,0
DA:19,0
DA:20,0
DA:22,0
DA:28,0
DA:29,0
DA:30,0
DA:31,0
DA:33,0
DA:34,0
DA:36,0
DA:42,0
DA:43,0
DA:44,0
DA:45,0
DA:47,0
DA:53,0
DA:54,0
DA:55,0
DA:56,0
DA:58,0
DA:64,0
DA:66,0
DA:67,0
DA:68,0
DA:71,0
DA:78,0
DA:79,0
DA:80,0
DA:84,0
DA:85,0
DA:88,0
DA:89,0
DA:90,0
DA:92,0
DA:94,0
DA:95,0
DA:96,0
DA:99,0
DA:100,0
DA:102,0
DA:104,0
DA:105,0
DA:106,0
DA:108,0
DA:109,0
DA:114,0
DA:115,0
DA:116,0
DA:117,0
DA:118,0
DA:119,0
DA:121,0
DA:125,0
DA:126,0
DA:127,0
DA:128,0
DA:131,0
DA:141,0
DA:142,0
DA:143,0
DA:164,0
DA:165,0
DA:173,0
DA:174,0
DA:263,0
LF:75
LH:0
BRDA:15,0,0,0
BRDA:15,0,1,0
BRDA:80,1,0,0
BRDA:80,1,1,0
BRDA:92,2,0,0
BRDA:92,2,1,0
BRDA:92,3,0,0
BRDA:92,3,1,0
BRDA:92,3,2,0
BRDA:102,4,0,0
BRDA:102,4,1,0
BRDA:116,5,0,0
BRDA:116,5,1,0
BRDA:116,6,0,0
BRDA:116,6,1,0
BRDA:150,7,0,0
BRDA:150,7,1,0
BRDA:170,8,0,0
BRDA:170,8,1,0
BRDA:180,9,0,0
BRDA:180,9,1,0
BRDA:204,10,0,0
BRDA:204,10,1,0
BRDA:207,11,0,0
BRDA:207,11,1,0
BRDA:207,11,2,0
BRDA:212,12,0,0
BRDA:212,12,1,0
BRDA:212,12,2,0
BRDA:213,13,0,0
BRDA:213,13,1,0
BRDA:213,13,2,0
BRDA:223,14,0,0
BRDA:223,14,1,0
BRDA:230,15,0,0
BRDA:230,15,1,0
BRDA:230,16,0,0
BRDA:230,16,1,0
BRDA:237,17,0,0
BRDA:237,17,1,0
BRDA:239,18,0,0
BRDA:239,18,1,0
BRF:42
BRH:0
end_of_record
TN:
SF:src/components/EditProjectModal.js
FN:19,EditProjectModal
FN:39,(anonymous_1)
FN:59,(anonymous_2)
FN:63,(anonymous_3)
FN:79,(anonymous_4)
FN:127,(anonymous_5)
FN:134,(anonymous_6)
FN:140,(anonymous_7)
FN:148,(anonymous_8)
FN:152,(anonymous_9)
FN:350,(anonymous_10)
FN:358,(anonymous_11)
FNF:12
FNH:0
FNDA:0,EditProjectModal
FNDA:0,(anonymous_1)
FNDA:0,(anonymous_2)
FNDA:0,(anonymous_3)
FNDA:0,(anonymous_4)
FNDA:0,(anonymous_5)
FNDA:0,(anonymous_6)
FNDA:0,(anonymous_7)
FNDA:0,(anonymous_8)
FNDA:0,(anonymous_9)
FNDA:0,(anonymous_10)
FNDA:0,(anonymous_11)
DA:20,0
DA:21,0
DA:23,0
DA:24,0
DA:25,0
DA:26,0
DA:28,0
DA:29,0
DA:30,0
DA:32,0
DA:33,0
DA:35,0
DA:36,0
DA:37,0
DA:39,0
DA:40,0
DA:41,0
DA:42,0
DA:43,0
DA:44,0
DA:46,0
DA:47,0
DA:48,0
DA:50,0
DA:51,0
DA:53,0
DA:54,0
DA:55,0
DA:59,0
DA:60,0
DA:63,0
DA:64,0
DA:66,0
DA:67,0
DA:68,0
DA:70,0
DA:71,0
DA:73,0
DA:74,0
DA:76,0
DA:79,0
DA:81,0
DA:82,0
DA:86,0
DA:89,0
DA:90,0
DA:91,0
DA:92,0
DA:94,0
DA:116,0
DA:117,0
DA:118,0
DA:119,0
DA:120,0
DA:123,0
DA:127,0
DA:129,0
DA:130,0
DA:131,0
DA:134,0
DA:136,0
DA:137,0
DA:140,0
DA:142,0
DA:143,0
DA:144,0
DA:148,0
DA:149,0
DA:152,0
DA:153,0
DA:158,0
DA:351,0
DA:358,0
DA:394,0
LF:74
LH:0
BRDA:20,0,0,0
BRDA:20,1,0,0
BRDA:20,1,1,0
BRDA:21,2,0,0
BRDA:21,2,1,0
BRDA:40,3,0,0
BRDA:40,3,1,0
BRDA:41,4,0,0
BRDA:41,4,1,0
BRDA:42,5,0,0
BRDA:42,5,1,0
BRDA:43,6,0,0
BRDA:43,6,1,0
BRDA:46,7,0,0
BRDA:46,7,1,0
BRDA:46,7,2,0
BRDA:47,8,0,0
BRDA:47,8,1,0
BRDA:48,9,0,0
BRDA:48,9,1,0
BRDA:48,9,2,0
BRDA:50,10,0,0
BRDA:50,10,1,0
BRDA:50,10,2,0
BRDA:51,11,0,0
BRDA:51,11,1,0
BRDA:51,11,2,0
BRDA:53,12,0,0
BRDA:53,12,1,0
BRDA:54,13,0,0
BRDA:54,13,1,0
BRDA:55,14,0,0
BRDA:55,14,1,0
BRDA:64,15,0,0
BRDA:64,15,1,0
BRDA:81,16,0,0
BRDA:81,16,1,0
BRDA:81,17,0,0
BRDA:81,17,1,0
BRDA:86,18,0,0
BRDA:86,18,1,0
BRDA:89,19,0,0
BRDA:89,19,1,0
BRDA:90,20,0,0
BRDA:90,20,1,0
BRDA:91,21,0,0
BRDA:91,21,1,0
BRDA:98,22,0,0
BRDA:98,22,1,0
BRDA:110,23,0,0
BRDA:110,23,1,0
BRDA:111,24,0,0
BRDA:111,24,1,0
BRDA:113,25,0,0
BRDA:113,25,1,0
BRDA:118,26,0,0
BRDA:118,26,1,0
BRDA:119,27,0,0
BRDA:119,27,1,0
BRDA:167,28,0,0
BRDA:167,28,1,0
BRDA:221,29,0,0
BRDA:221,29,1,0
BRDA:233,30,0,0
BRDA:233,30,1,0
BRDA:287,31,0,0
BRDA:287,31,1,0
BRDA:287,31,2,0
BRDA:295,32,0,0
BRDA:295,32,1,0
BRDA:295,33,0,0
BRDA:295,33,1,0
BRDA:295,34,0,0
BRDA:295,34,1,0
BRDA:300,35,0,0
BRDA:300,35,1,0
BRDA:300,36,0,0
BRDA:300,36,1,0
BRDA:301,37,0,0
BRDA:301,37,1,0
BRDA:301,38,0,0
BRDA:301,38,1,0
BRDA:301,39,0,0
BRDA:301,39,1,0
BRDA:339,40,0,0
BRDA:339,40,1,0
BRDA:356,41,0,0
BRDA:356,41,1,0
BRDA:363,42,0,0
BRDA:363,42,1,0
BRF:90
BRH:0
end_of_record
TN:
SF:src/components/InvitePopup.js
FN:14,(anonymous_0)
FN:24,(anonymous_1)
FN:47,(anonymous_2)
FN:70,(anonymous_3)
FN:92,(anonymous_4)
FNF:5
FNH:0
FNDA:0,(anonymous_0)
FNDA:0,(anonymous_1)
FNDA:0,(anonymous_2)
FNDA:0,(anonymous_3)
FNDA:0,(anonymous_4)
DA:14,0
DA:15,0
DA:16,0
DA:18,0
DA:19,0
DA:22,0
DA:24,0
DA:25,0
DA:26,0
DA:27,0
DA:29,0
DA:31,0
DA:32,0
DA:34,0
DA:37,0
DA:40,0
DA:41,0
DA:43,0
DA:47,0
DA:48,0
DA:49,0
DA:50,0
DA:52,0
DA:54,0
DA:55,0
DA:57,0
DA:60,0
DA:63,0
DA:64,0
DA:66,0
DA:70,0
DA:71,0
DA:73,0
DA:75,0
DA:77,0
DA:79,0
DA:81,0
DA:83,0
DA:87,0
DA:189,0
LF:40
LH:0
BRDA:18,0,0,0
BRDA:18,0,1,0
BRDA:18,1,0,0
BRDA:18,1,1,0
BRDA:29,2,0,0
BRDA:29,2,1,0
BRDA:31,3,0,0
BRDA:31,3,1,0
BRDA:52,4,0,0
BRDA:52,4,1,0
BRDA:54,5,0,0
BRDA:54,5,1,0
BRDA:73,6,0,0
BRDA:73,6,1,0
BRDA:73,6,2,0
BRDA:73,6,3,0
BRDA:73,6,4,0
BRDA:102,7,0,0
BRDA:102,7,1,0
BRDA:116,8,0,0
BRDA:116,8,1,0
BRDA:118,9,0,0
BRDA:118,9,1,0
BRDA:133,10,0,0
BRDA:133,10,1,0
BRDA:146,11,0,0
BRDA:146,11,1,0
BRDA:158,12,0,0
BRDA:158,12,1,0
BRDA:173,13,0,0
BRDA:173,13,1,0
BRF:31
BRH:0
end_of_record
TN:
SF:src/components/JobNameInputModal.js
FN:18,JobNameInputModal
FN:24,(anonymous_1)
FN:40,(anonymous_2)
FNF:3
FNH:0
FNDA:0,JobNameInputModal
FNDA:0,(anonymous_1)
FNDA:0,(anonymous_2)
DA:19,0
DA:20,0
DA:22,0
DA:24,0
DA:25,0
DA:27,0
DA:28,0
DA:29,0
DA:32,0
DA:36,0
DA:37,0
DA:40,0
DA:41,0
DA:42,0
DA:45,0
DA:142,0
LF:16
LH:0
BRDA:19,0,0,0
BRDA:19,1,0,0
BRDA:19,1,1,0
BRDA:22,2,0,0
BRDA:22,2,1,0
BRDA:27,3,0,0
BRDA:27,3,1,0
BRDA:54,4,0,0
BRDA:54,4,1,0
BRDA:123,5,0,0
BRDA:123,5,1,0
BRDA:124,6,0,0
BRDA:124,6,1,0
BRF:13
BRH:0
end_of_record
TN:
SF:src/components/LinkifiedText.js
FN:8,(anonymous_0)
FN:79,(anonymous_1)
FN:89,(anonymous_2)
FN:95,(anonymous_3)
FN:107,(anonymous_4)
FN:117,(anonymous_5)
FN:129,(anonymous_6)
FNF:7
FNH:0
FNDA:0,(anonymous_0)
FNDA:0,(anonymous_1)
FNDA:0,(anonymous_2)
FNDA:0,(anonymous_3)
FNDA:0,(anonymous_4)
FNDA:0,(anonymous_5)
FNDA:0,(anonymous_6)
DA:8,0
DA:9,0
DA:10,0
DA:13,0
DA:21,0
DA:25,0
DA:28,0
DA:31,0
DA:33,0
DA:34,0
DA:37,0
DA:39,0
DA:40,0
DA:46,0
DA:49,0
DA:51,0
DA:57,0
DA:63,0
DA:67,0
DA:68,0
DA:75,0
DA:76,0
DA:79,0
DA:81,0
DA:82,0
DA:84,0
DA:89,0
DA:91,0
DA:95,0
DA:96,0
DA:97,0
DA:100,0
DA:105,0
DA:108,0
DA:109,0
DA:112,0
DA:113,0
DA:117,0
DA:124,0
DA:125,0
DA:129,0
DA:136,0
LF:42
LH:0
BRDA:9,0,0,0
BRDA:9,0,1,0
BRDA:39,1,0,0
BRDA:39,1,1,0
BRDA:49,2,0,0
BRDA:49,2,1,0
BRDA:67,3,0,0
BRDA:67,3,1,0
BRDA:75,4,0,0
BRDA:75,4,1,0
BRDA:108,5,0,0
BRDA:108,5,1,0
BRDA:112,6,0,0
BRDA:112,6,1,0
BRDA:124,7,0,0
BRDA:124,7,1,0
BRF:16
BRH:0
end_of_record
TN:
SF:src/components/LumaBar.js
FN:18,(anonymous_0)
FN:20,(anonymous_1)
FN:21,(anonymous_2)
FN:27,(anonymous_3)
FN:31,(anonymous_4)
FN:40,(anonymous_5)
FN:47,(anonymous_6)
FN:56,(anonymous_7)
FN:59,(anonymous_8)
FN:65,(anonymous_9)
FNF:10
FNH:0
FNDA:0,(anonymous_0)
FNDA:0,(anonymous_1)
FNDA:0,(anonymous_2)
FNDA:0,(anonymous_3)
FNDA:0,(anonymous_4)
FNDA:0,(anonymous_5)
FNDA:0,(anonymous_6)
FNDA:0,(anonymous_7)
FNDA:0,(anonymous_8)
FNDA:0,(anonymous_9)
DA:10,0
DA:18,0
DA:20,0
DA:21,0
DA:22,0
DA:25,0
DA:27,0
DA:28,0
DA:31,0
DA:32,0
DA:33,0
DA:36,0
DA:41,0
DA:42,0
DA:47,0
DA:56,0
DA:57,0
DA:59,0
DA:60,0
DA:65,0
DA:66,0
DA:72,0
DA:89,0
LF:23
LH:0
BRDA:22,0,0,0
BRDA:22,0,1,0
BRDA:66,1,0,0
BRDA:66,1,1,0
BRDA:82,2,0,0
BRDA:82,2,1,0
BRF:6
BRH:0
end_of_record
TN:
SF:src/components/MessageLoading.js
FN:6,MessageLoading
FN:15,(anonymous_1)
FN:16,(anonymous_2)
FN:43,(anonymous_3)
FN:46,(anonymous_4)
FNF:5
FNH:0
FNDA:0,MessageLoading
FNDA:0,(anonymous_1)
FNDA:0,(anonymous_2)
FNDA:0,(anonymous_3)
FNDA:0,(anonymous_4)
DA:7,0
DA:8,0
DA:11,0
DA:12,0
DA:13,0
DA:15,0
DA:16,0
DA:17,0
DA:35,0
DA:41,0
DA:43,0
DA:46,0
DA:47,0
DA:52,0
DA:55,0
DA:57,0
LF:16
LH:0
BRDA:7,0,0,0
BRDA:7,1,0,0
BRDA:7,1,1,0
BRDA:8,2,0,0
BRDA:8,2,1,0
BRF:5
BRH:0
end_of_record
TN:
SF:src/components/NotificationBell.js
FN:16,NotificationBell
FN:24,(anonymous_1)
FN:33,(anonymous_2)
FN:37,(anonymous_3)
FNF:4
FNH:0
FNDA:0,NotificationBell
FNDA:0,(anonymous_1)
FNDA:0,(anonymous_2)
FNDA:0,(anonymous_3)
DA:14,0
DA:17,0
DA:18,0
DA:19,0
DA:20,0
DA:22,0
DA:24,0
DA:26,0
DA:30,0
DA:33,0
DA:37,0
DA:38,0
DA:39,0
DA:42,0
DA:58,0
LF:15
LH:0
BRDA:16,0,0,0
BRDA:18,1,0,0
BRDA:18,2,0,0
BRDA:18,2,1,0
BRDA:19,3,0,0
BRDA:19,3,1,0
BRDA:22,4,0,0
BRDA:22,4,1,0
BRDA:22,4,2,0
BRDA:38,5,0,0
BRDA:38,5,1,0
BRDA:49,6,0,0
BRDA:49,6,1,0
BRF:13
BRH:0
end_of_record
TN:
SF:src/components/NotificationItem.js
FN:41,NotificationItem
FN:51,(anonymous_1)
FN:79,(anonymous_2)
FN:136,(anonymous_3)
FNF:4
FNH:0
FNDA:0,NotificationItem
FNDA:0,(anonymous_1)
FNDA:0,(anonymous_2)
FNDA:0,(anonymous_3)
DA:8,0
DA:47,0
DA:48,0
DA:49,0
DA:51,0
DA:52,0
DA:53,0
DA:54,0
DA:55,0
DA:56,0
DA:57,0
DA:59,0
DA:60,0
DA:61,0
DA:62,0
DA:64,0
DA:70,0
DA:79,0
DA:136,0
DA:146,0
LF:20
LH:0
BRDA:45,0,0,0
BRDA:47,1,0,0
BRDA:47,2,0,0
BRDA:47,2,1,0
BRDA:48,3,0,0
BRDA:48,3,1,0
BRDA:49,4,0,0
BRDA:49,4,1,0
BRDA:59,5,0,0
BRDA:59,5,1,0
BRDA:60,6,0,0
BRDA:60,6,1,0
BRDA:61,7,0,0
BRDA:61,7,1,0
BRDA:62,8,0,0
BRDA:62,8,1,0
BRDA:75,9,0,0
BRDA:75,9,1,0
BRDA:95,10,0,0
BRDA:95,10,1,0
BRDA:112,11,0,0
BRDA:112,11,1,0
BRDA:128,12,0,0
BRDA:128,12,1,0
BRDA:133,13,0,0
BRDA:133,13,1,0
BRF:26
BRH:0
end_of_record
TN:
SF:src/components/OrbitalLoader.js
FN:13,OrbitalLoader
FN:23,(anonymous_1)
FN:55,(anonymous_2)
FN:59,(anonymous_3)
FN:63,(anonymous_4)
FNF:5
FNH:0
FNDA:0,OrbitalLoader
FNDA:0,(anonymous_1)
FNDA:0,(anonymous_2)
FNDA:0,(anonymous_3)
FNDA:0,(anonymous_4)
DA:14,0
DA:15,0
DA:17,0
DA:18,0
DA:19,0
DA:21,0
DA:23,0
DA:25,0
DA:35,0
DA:45,0
DA:55,0
DA:59,0
DA:63,0
DA:67,0
DA:110,0
LF:15
LH:0
BRDA:13,0,0,0
BRDA:14,1,0,0
BRDA:14,2,0,0
BRDA:14,2,1,0
BRDA:21,3,0,0
BRDA:21,3,1,0
BRDA:21,3,2,0
BRDA:101,4,0,0
BRDA:101,4,1,0
BRF:9
BRH:0
end_of_record
TN:
SF:src/components/PhaseDetailModal.js
FN:27,PhaseDetailModal
FN:42,(anonymous_1)
FN:53,(anonymous_2)
FN:67,(anonymous_3)
FN:81,(anonymous_4)
FN:91,(anonymous_5)
FN:107,(anonymous_6)
FN:131,(anonymous_7)
FN:157,(anonymous_8)
FN:173,(anonymous_9)
FN:181,(anonymous_10)
FN:201,(anonymous_11)
FN:230,(anonymous_12)
FN:231,(anonymous_13)
FN:255,(anonymous_14)
FN:264,(anonymous_15)
FN:272,(anonymous_16)
FN:290,(anonymous_17)
FN:294,(anonymous_18)
FN:355,(anonymous_19)
FN:481,(anonymous_20)
FN:486,(anonymous_21)
FN:500,(anonymous_22)
FN:511,(anonymous_23)
FN:549,(anonymous_24)
FNF:25
FNH:0
FNDA:0,PhaseDetailModal
FNDA:0,(anonymous_1)
FNDA:0,(anonymous_2)
FNDA:0,(anonymous_3)
FNDA:0,(anonymous_4)
FNDA:0,(anonymous_5)
FNDA:0,(anonymous_6)
FNDA:0,(anonymous_7)
FNDA:0,(anonymous_8)
FNDA:0,(anonymous_9)
FNDA:0,(anonymous_10)
FNDA:0,(anonymous_11)
FNDA:0,(anonymous_12)
FNDA:0,(anonymous_13)
FNDA:0,(anonymous_14)
FNDA:0,(anonymous_15)
FNDA:0,(anonymous_16)
FNDA:0,(anonymous_17)
FNDA:0,(anonymous_18)
FNDA:0,(anonymous_19)
FNDA:0,(anonymous_20)
FNDA:0,(anonymous_21)
FNDA:0,(anonymous_22)
FNDA:0,(anonymous_23)
FNDA:0,(anonymous_24)
DA:28,0
DA:29,0
DA:32,0
DA:33,0
DA:34,0
DA:35,0
DA:36,0
DA:37,0
DA:38,0
DA:39,0
DA:42,0
DA:43,0
DA:44,0
DA:45,0
DA:46,0
DA:47,0
DA:51,0
DA:53,0
DA:54,0
DA:56,0
DA:58,0
DA:60,0
DA:63,0
DA:67,0
DA:68,0
DA:70,0
DA:72,0
DA:74,0
DA:77,0
DA:81,0
DA:82,0
DA:83,0
DA:84,0
DA:91,0
DA:92,0
DA:93,0
DA:95,0
DA:96,0
DA:97,0
DA:98,0
DA:100,0
DA:101,0
DA:103,0
DA:107,0
DA:108,0
DA:109,0
DA:110,0
DA:113,0
DA:114,0
DA:116,0
DA:117,0
DA:118,0
DA:119,0
DA:120,0
DA:121,0
DA:122,0
DA:124,0
DA:125,0
DA:127,0
DA:131,0
DA:132,0
DA:133,0
DA:134,0
DA:137,0
DA:138,0
DA:139,0
DA:142,0
DA:143,0
DA:145,0
DA:146,0
DA:147,0
DA:148,0
DA:150,0
DA:151,0
DA:153,0
DA:157,0
DA:158,0
DA:159,0
DA:161,0
DA:162,0
DA:163,0
DA:164,0
DA:166,0
DA:167,0
DA:169,0
DA:173,0
DA:174,0
DA:182,0
DA:183,0
DA:185,0
DA:186,0
DA:187,0
DA:188,0
DA:190,0
DA:191,0
DA:193,0
DA:201,0
DA:202,0
DA:203,0
DA:204,0
DA:207,0
DA:208,0
DA:209,0
DA:215,0
DA:216,0
DA:217,0
DA:218,0
DA:220,0
DA:223,0
DA:224,0
DA:226,0
DA:230,0
DA:231,0
DA:232,0
DA:234,0
DA:235,0
DA:236,0
DA:241,0
DA:242,0
DA:243,0
DA:245,0
DA:248,0
DA:249,0
DA:251,0
DA:255,0
DA:256,0
DA:265,0
DA:266,0
DA:267,0
DA:272,0
DA:273,0
DA:275,0
DA:277,0
DA:278,0
DA:280,0
DA:289,0
DA:290,0
DA:293,0
DA:294,0
DA:296,0
DA:355,0
DA:481,0
DA:486,0
DA:501,0
DA:511,0
DA:549,0
DA:587,0
LF:147
LH:0
BRDA:28,0,0,0
BRDA:28,1,0,0
BRDA:28,1,1,0
BRDA:32,2,0,0
BRDA:32,2,1,0
BRDA:35,3,0,0
BRDA:35,3,1,0
BRDA:36,4,0,0
BRDA:36,4,1,0
BRDA:37,5,0,0
BRDA:37,5,1,0
BRDA:43,6,0,0
BRDA:43,6,1,0
BRDA:44,7,0,0
BRDA:44,7,1,0
BRDA:45,8,0,0
BRDA:45,8,1,0
BRDA:46,9,0,0
BRDA:46,9,1,0
BRDA:47,10,0,0
BRDA:47,10,1,0
BRDA:51,11,0,0
BRDA:51,11,1,0
BRDA:54,12,0,0
BRDA:54,12,1,0
BRDA:54,12,2,0
BRDA:54,12,3,0
BRDA:54,12,4,0
BRDA:68,13,0,0
BRDA:68,13,1,0
BRDA:68,13,2,0
BRDA:68,13,3,0
BRDA:68,13,4,0
BRDA:82,14,0,0
BRDA:82,14,1,0
BRDA:92,15,0,0
BRDA:92,15,1,0
BRDA:98,16,0,0
BRDA:98,16,1,0
BRDA:108,17,0,0
BRDA:108,17,1,0
BRDA:108,18,0,0
BRDA:108,18,1,0
BRDA:113,19,0,0
BRDA:113,19,1,0
BRDA:122,20,0,0
BRDA:122,20,1,0
BRDA:132,21,0,0
BRDA:132,21,1,0
BRDA:132,22,0,0
BRDA:132,22,1,0
BRDA:137,23,0,0
BRDA:137,23,1,0
BRDA:142,24,0,0
BRDA:142,24,1,0
BRDA:148,25,0,0
BRDA:148,25,1,0
BRDA:158,26,0,0
BRDA:158,26,1,0
BRDA:164,27,0,0
BRDA:164,27,1,0
BRDA:182,28,0,0
BRDA:182,28,1,0
BRDA:188,29,0,0
BRDA:188,29,1,0
BRDA:202,30,0,0
BRDA:202,30,1,0
BRDA:215,31,0,0
BRDA:215,31,1,0
BRDA:216,32,0,0
BRDA:216,32,1,0
BRDA:218,33,0,0
BRDA:218,33,1,0
BRDA:232,34,0,0
BRDA:232,34,1,0
BRDA:238,35,0,0
BRDA:238,35,1,0
BRDA:241,36,0,0
BRDA:241,36,1,0
BRDA:242,37,0,0
BRDA:242,37,1,0
BRDA:243,38,0,0
BRDA:243,38,1,0
BRDA:275,39,0,0
BRDA:275,39,1,0
BRDA:289,40,0,0
BRDA:289,40,1,0
BRDA:294,41,0,0
BRDA:294,41,1,0
BRDA:349,42,0,0
BRDA:349,42,1,0
BRDA:361,43,0,0
BRDA:361,43,1,0
BRDA:361,43,2,0
BRDA:361,43,3,0
BRDA:365,44,0,0
BRDA:365,44,1,0
BRDA:381,45,0,0
BRDA:381,45,1,0
BRDA:397,46,0,0
BRDA:397,46,1,0
BRDA:409,47,0,0
BRDA:409,47,1,0
BRDA:409,47,2,0
BRDA:424,48,0,0
BRDA:424,48,1,0
BRDA:424,48,2,0
BRDA:428,49,0,0
BRDA:428,49,1,0
BRDA:440,50,0,0
BRDA:440,50,1,0
BRDA:452,51,0,0
BRDA:452,51,1,0
BRDA:452,51,2,0
BRDA:455,52,0,0
BRDA:455,52,1,0
BRDA:457,53,0,0
BRDA:457,53,1,0
BRDA:463,54,0,0
BRDA:463,54,1,0
BRDA:492,55,0,0
BRDA:492,55,1,0
BRDA:502,56,0,0
BRDA:502,56,1,0
BRDA:506,57,0,0
BRDA:506,57,1,0
BRDA:518,58,0,0
BRDA:518,58,1,0
BRDA:519,59,0,0
BRDA:519,59,1,0
BRDA:523,60,0,0
BRDA:523,60,1,0
BRDA:532,61,0,0
BRDA:532,61,1,0
BRDA:533,62,0,0
BRDA:533,62,1,0
BRDA:537,63,0,0
BRDA:537,63,1,0
BRDA:539,64,0,0
BRDA:539,64,1,0
BRF:140
BRH:0
end_of_record
TN:
SF:src/components/PhasePickerModal.js
FN:18,PhasePickerModal
FN:35,(anonymous_1)
FN:44,(anonymous_2)
FN:45,(anonymous_3)
FN:49,(anonymous_4)
FN:56,(anonymous_5)
FN:88,(anonymous_6)
FN:115,(anonymous_7)
FN:130,(anonymous_8)
FN:136,(anonymous_9)
FN:145,(anonymous_10)
FN:155,(anonymous_11)
FN:156,(anonymous_12)
FN:159,(anonymous_13)
FN:178,(anonymous_14)
FN:184,(anonymous_15)
FN:190,(anonymous_16)
FN:200,(anonymous_17)
FN:201,(anonymous_18)
FN:239,(anonymous_19)
FN:251,(anonymous_20)
FN:275,(anonymous_21)
FN:316,(anonymous_22)
FN:330,(anonymous_23)
FN:341,(anonymous_24)
FN:379,(anonymous_25)
FN:400,(anonymous_26)
FN:425,(anonymous_27)
FN:437,(anonymous_28)
FN:461,(anonymous_29)
FN:467,(anonymous_30)
FN:478,(anonymous_31)
FNF:32
FNH:0
FNDA:0,PhasePickerModal
FNDA:0,(anonymous_1)
FNDA:0,(anonymous_2)
FNDA:0,(anonymous_3)
FNDA:0,(anonymous_4)
FNDA:0,(anonymous_5)
FNDA:0,(anonymous_6)
FNDA:0,(anonymous_7)
FNDA:0,(anonymous_8)
FNDA:0,(anonymous_9)
FNDA:0,(anonymous_10)
FNDA:0,(anonymous_11)
FNDA:0,(anonymous_12)
FNDA:0,(anonymous_13)
FNDA:0,(anonymous_14)
FNDA:0,(anonymous_15)
FNDA:0,(anonymous_16)
FNDA:0,(anonymous_17)
FNDA:0,(anonymous_18)
FNDA:0,(anonymous_19)
FNDA:0,(anonymous_20)
FNDA:0,(anonymous_21)
FNDA:0,(anonymous_22)
FNDA:0,(anonymous_23)
FNDA:0,(anonymous_24)
FNDA:0,(anonymous_25)
FNDA:0,(anonymous_26)
FNDA:0,(anonymous_27)
FNDA:0,(anonymous_28)
FNDA:0,(anonymous_29)
FNDA:0,(anonymous_30)
FNDA:0,(anonymous_31)
DA:26,0
DA:27,0
DA:29,0
DA:30,0
DA:31,0
DA:32,0
DA:33,0
DA:35,0
DA:36,0
DA:37,0
DA:42,0
DA:44,0
DA:45,0
DA:47,0
DA:49,0
DA:52,0
DA:55,0
DA:56,0
DA:66,0
DA:69,0
DA:71,0
DA:72,0
DA:73,0
DA:74,0
DA:75,0
DA:77,0
DA:78,0
DA:79,0
DA:80,0
DA:81,0
DA:84,0
DA:88,0
DA:89,0
DA:90,0
DA:91,0
DA:94,0
DA:97,0
DA:98,0
DA:99,0
DA:100,0
DA:101,0
DA:102,0
DA:103,0
DA:104,0
DA:105,0
DA:106,0
DA:107,0
DA:110,0
DA:111,0
DA:112,0
DA:115,0
DA:116,0
DA:117,0
DA:118,0
DA:121,0
DA:122,0
DA:123,0
DA:124,0
DA:127,0
DA:130,0
DA:131,0
DA:132,0
DA:133,0
DA:136,0
DA:137,0
DA:139,0
DA:140,0
DA:141,0
DA:142,0
DA:145,0
DA:146,0
DA:147,0
DA:149,0
DA:150,0
DA:153,0
DA:155,0
DA:156,0
DA:158,0
DA:159,0
DA:169,0
DA:174,0
DA:175,0
DA:178,0
DA:179,0
DA:180,0
DA:182,0
DA:184,0
DA:187,0
DA:190,0
DA:191,0
DA:192,0
DA:193,0
DA:196,0
DA:197,0
DA:200,0
DA:201,0
DA:204,0
DA:240,0
DA:241,0
DA:251,0
DA:275,0
DA:317,0
DA:330,0
DA:341,0
DA:379,0
DA:400,0
DA:426,0
DA:437,0
DA:461,0
DA:467,0
DA:478,0
DA:508,0
LF:112
LH:0
BRDA:22,0,0,0
BRDA:24,1,0,0
BRDA:26,2,0,0
BRDA:26,3,0,0
BRDA:26,3,1,0
BRDA:36,4,0,0
BRDA:36,4,1,0
BRDA:42,5,0,0
BRDA:42,5,1,0
BRDA:47,6,0,0
BRDA:47,6,1,0
BRDA:55,7,0,0
BRDA:55,7,1,0
BRDA:55,8,0,0
BRDA:55,8,1,0
BRDA:69,9,0,0
BRDA:69,9,1,0
BRDA:69,10,0,0
BRDA:69,10,1,0
BRDA:75,11,0,0
BRDA:75,11,1,0
BRDA:75,12,0,0
BRDA:75,12,1,0
BRDA:89,13,0,0
BRDA:89,13,1,0
BRDA:97,14,0,0
BRDA:97,14,1,0
BRDA:97,15,0,0
BRDA:97,15,1,0
BRDA:102,16,0,0
BRDA:102,16,1,0
BRDA:102,17,0,0
BRDA:102,17,1,0
BRDA:116,18,0,0
BRDA:116,18,1,0
BRDA:121,19,0,0
BRDA:121,19,1,0
BRDA:137,20,0,0
BRDA:137,20,1,0
BRDA:137,21,0,0
BRDA:137,21,1,0
BRDA:147,22,0,0
BRDA:147,22,1,0
BRDA:158,23,0,0
BRDA:158,23,1,0
BRDA:184,24,0,0
BRDA:184,24,1,0
BRDA:191,25,0,0
BRDA:191,25,1,0
BRDA:247,26,0,0
BRDA:247,26,1,0
BRDA:248,27,0,0
BRDA:248,27,1,0
BRDA:255,28,0,0
BRDA:255,28,1,0
BRDA:257,29,0,0
BRDA:257,29,1,0
BRDA:262,30,0,0
BRDA:262,30,1,0
BRDA:283,31,0,0
BRDA:283,31,1,0
BRDA:310,32,0,0
BRDA:310,32,1,0
BRDA:337,33,0,0
BRDA:337,33,1,0
BRDA:348,34,0,0
BRDA:348,34,1,0
BRDA:378,35,0,0
BRDA:378,35,1,0
BRDA:378,35,2,0
BRDA:389,36,0,0
BRDA:389,36,1,0
BRDA:389,36,2,0
BRDA:400,37,0,0
BRDA:400,37,1,0
BRDA:408,38,0,0
BRDA:408,38,1,0
BRDA:408,39,0,0
BRDA:408,39,1,0
BRDA:409,40,0,0
BRDA:409,40,1,0
BRDA:413,41,0,0
BRDA:413,41,1,0
BRDA:420,42,0,0
BRDA:420,42,1,0
BRDA:423,43,0,0
BRDA:423,43,1,0
BRDA:423,43,2,0
BRDA:460,44,0,0
BRDA:460,44,1,0
BRDA:499,45,0,0
BRDA:499,45,1,0
BRF:92
BRH:0
end_of_record
TN:
SF:src/components/PhaseTimeline.js
FN:8,PhaseTimeline
FN:26,(anonymous_1)
FN:40,(anonymous_2)
FN:54,(anonymous_3)
FN:64,(anonymous_4)
FN:72,(anonymous_5)
FN:129,(anonymous_6)
FN:161,(anonymous_7)
FN:175,(anonymous_8)
FN:215,(anonymous_9)
FN:216,(anonymous_10)
FN:275,(anonymous_11)
FNF:12
FNH:0
FNDA:0,PhaseTimeline
FNDA:0,(anonymous_1)
FNDA:0,(anonymous_2)
FNDA:0,(anonymous_3)
FNDA:0,(anonymous_4)
FNDA:0,(anonymous_5)
FNDA:0,(anonymous_6)
FNDA:0,(anonymous_7)
FNDA:0,(anonymous_8)
FNDA:0,(anonymous_9)
FNDA:0,(anonymous_10)
FNDA:0,(anonymous_11)
DA:19,0
DA:20,0
DA:22,0
DA:23,0
DA:26,0
DA:27,0
DA:29,0
DA:31,0
DA:33,0
DA:36,0
DA:40,0
DA:41,0
DA:43,0
DA:45,0
DA:47,0
DA:50,0
DA:54,0
DA:55,0
DA:56,0
DA:57,0
DA:61,0
DA:64,0
DA:67,0
DA:69,0
DA:73,0
DA:74,0
DA:76,0
DA:115,0
DA:130,0
DA:132,0
DA:162,0
DA:163,0
DA:164,0
DA:165,0
DA:167,0
DA:175,0
DA:215,0
DA:216,0
DA:276,0
DA:329,0
LF:40
LH:0
BRDA:11,0,0,0
BRDA:12,1,0,0
BRDA:13,2,0,0
BRDA:14,3,0,0
BRDA:15,4,0,0
BRDA:19,5,0,0
BRDA:19,6,0,0
BRDA:19,6,1,0
BRDA:22,7,0,0
BRDA:22,7,1,0
BRDA:22,8,0,0
BRDA:22,8,1,0
BRDA:27,9,0,0
BRDA:27,9,1,0
BRDA:27,9,2,0
BRDA:27,9,3,0
BRDA:27,9,4,0
BRDA:41,10,0,0
BRDA:41,10,1,0
BRDA:41,10,2,0
BRDA:41,10,3,0
BRDA:41,10,4,0
BRDA:55,11,0,0
BRDA:55,11,1,0
BRDA:61,12,0,0
BRDA:61,12,1,0
BRDA:63,13,0,0
BRDA:63,13,1,0
BRDA:64,14,0,0
BRDA:64,14,1,0
BRDA:67,15,0,0
BRDA:67,15,1,0
BRDA:74,16,0,0
BRDA:74,16,1,0
BRDA:78,17,0,0
BRDA:78,17,1,0
BRDA:84,18,0,0
BRDA:84,18,1,0
BRDA:130,19,0,0
BRDA:130,19,1,0
BRDA:134,20,0,0
BRDA:134,20,1,0
BRDA:140,21,0,0
BRDA:140,21,1,0
BRDA:165,22,0,0
BRDA:165,22,1,0
BRDA:168,23,0,0
BRDA:168,23,1,0
BRDA:173,24,0,0
BRDA:173,24,1,0
BRDA:173,24,2,0
BRDA:175,25,0,0
BRDA:175,25,1,0
BRDA:185,26,0,0
BRDA:185,26,1,0
BRDA:202,27,0,0
BRDA:202,27,1,0
BRDA:207,28,0,0
BRDA:207,28,1,0
BRDA:214,29,0,0
BRDA:214,29,1,0
BRDA:214,29,2,0
BRDA:222,30,0,0
BRDA:222,30,1,0
BRDA:222,30,2,0
BRDA:231,31,0,0
BRDA:231,31,1,0
BRDA:241,32,0,0
BRDA:241,32,1,0
BRDA:246,33,0,0
BRDA:246,33,1,0
BRDA:246,33,2,0
BRDA:249,34,0,0
BRDA:249,34,1,0
BRDA:254,35,0,0
BRDA:254,35,1,0
BRDA:263,36,0,0
BRDA:263,36,1,0
BRDA:265,37,0,0
BRDA:265,37,1,0
BRDA:273,38,0,0
BRDA:273,38,1,0
BRDA:273,38,2,0
BRDA:277,39,0,0
BRDA:277,39,1,0
BRDA:281,40,0,0
BRDA:281,40,1,0
BRDA:288,41,0,0
BRDA:288,41,1,0
BRDA:289,42,0,0
BRDA:289,42,1,0
BRDA:293,43,0,0
BRDA:293,43,1,0
BRDA:301,44,0,0
BRDA:301,44,1,0
BRDA:302,45,0,0
BRDA:302,45,1,0
BRDA:306,46,0,0
BRDA:306,46,1,0
BRDA:314,47,0,0
BRDA:314,47,1,0
BRDA:314,47,2,0
BRF:102
BRH:0
end_of_record
TN:
SF:src/components/ProjectDetailView.js
FN:29,ProjectDetailView
FN:81,(anonymous_1)
FN:82,(anonymous_2)
FN:155,(anonymous_3)
FN:158,(anonymous_4)
FN:166,(anonymous_5)
FN:176,(anonymous_6)
FN:185,(anonymous_7)
FN:194,(anonymous_8)
FN:203,(anonymous_9)
FN:222,(anonymous_10)
FN:229,(anonymous_11)
FN:231,(anonymous_12)
FN:236,(anonymous_13)
FN:238,(anonymous_14)
FN:243,(anonymous_15)
FN:291,(anonymous_16)
FN:303,(anonymous_17)
FN:313,(anonymous_18)
FN:336,(anonymous_19)
FN:361,(anonymous_20)
FN:397,(anonymous_21)
FN:418,(anonymous_22)
FN:470,(anonymous_23)
FN:499,(anonymous_24)
FN:529,(anonymous_25)
FN:563,(anonymous_26)
FN:588,(anonymous_27)
FN:682,(anonymous_28)
FN:683,(anonymous_29)
FN:685,(anonymous_30)
FN:706,(anonymous_31)
FN:722,(anonymous_32)
FN:782,(anonymous_33)
FN:794,(anonymous_34)
FN:802,(anonymous_35)
FN:819,(anonymous_36)
FN:823,(anonymous_37)
FN:835,(anonymous_38)
FN:839,(anonymous_39)
FN:852,(anonymous_40)
FN:852,(anonymous_41)
FN:877,(anonymous_42)
FN:909,(anonymous_43)
FN:913,(anonymous_44)
FN:975,(anonymous_45)
FN:1017,(anonymous_46)
FN:1096,(anonymous_47)
FN:1108,(anonymous_48)
FN:1116,(anonymous_49)
FN:1152,(anonymous_50)
FN:1161,(anonymous_51)
FN:1168,(anonymous_52)
FN:1207,(anonymous_53)
FN:1259,(anonymous_54)
FN:1268,(anonymous_55)
FN:1276,(anonymous_56)
FN:1287,(anonymous_57)
FN:1299,(anonymous_58)
FNF:59
FNH:0
FNDA:0,ProjectDetailView
FNDA:0,(anonymous_1)
FNDA:0,(anonymous_2)
FNDA:0,(anonymous_3)
FNDA:0,(anonymous_4)
FNDA:0,(anonymous_5)
FNDA:0,(anonymous_6)
FNDA:0,(anonymous_7)
FNDA:0,(anonymous_8)
FNDA:0,(anonymous_9)
FNDA:0,(anonymous_10)
FNDA:0,(anonymous_11)
FNDA:0,(anonymous_12)
FNDA:0,(anonymous_13)
FNDA:0,(anonymous_14)
FNDA:0,(anonymous_15)
FNDA:0,(anonymous_16)
FNDA:0,(anonymous_17)
FNDA:0,(anonymous_18)
FNDA:0,(anonymous_19)
FNDA:0,(anonymous_20)
FNDA:0,(anonymous_21)
FNDA:0,(anonymous_22)
FNDA:0,(anonymous_23)
FNDA:0,(anonymous_24)
FNDA:0,(anonymous_25)
FNDA:0,(anonymous_26)
FNDA:0,(anonymous_27)
FNDA:0,(anonymous_28)
FNDA:0,(anonymous_29)
FNDA:0,(anonymous_30)
FNDA:0,(anonymous_31)
FNDA:0,(anonymous_32)
FNDA:0,(anonymous_33)
FNDA:0,(anonymous_34)
FNDA:0,(anonymous_35)
FNDA:0,(anonymous_36)
FNDA:0,(anonymous_37)
FNDA:0,(anonymous_38)
FNDA:0,(anonymous_39)
FNDA:0,(anonymous_40)
FNDA:0,(anonymous_41)
FNDA:0,(anonymous_42)
FNDA:0,(anonymous_43)
FNDA:0,(anonymous_44)
FNDA:0,(anonymous_45)
FNDA:0,(anonymous_46)
FNDA:0,(anonymous_47)
FNDA:0,(anonymous_48)
FNDA:0,(anonymous_49)
FNDA:0,(anonymous_50)
FNDA:0,(anonymous_51)
FNDA:0,(anonymous_52)
FNDA:0,(anonymous_53)
FNDA:0,(anonymous_54)
FNDA:0,(anonymous_55)
FNDA:0,(anonymous_56)
FNDA:0,(anonymous_57)
FNDA:0,(anonymous_58)
DA:30,0
DA:31,0
DA:32,0
DA:33,0
DA:36,0
DA:39,0
DA:40,0
DA:41,0
DA:42,0
DA:45,0
DA:46,0
DA:47,0
DA:48,0
DA:51,0
DA:52,0
DA:55,0
DA:58,0
DA:59,0
DA:60,0
DA:63,0
DA:64,0
DA:67,0
DA:68,0
DA:69,0
DA:70,0
DA:71,0
DA:72,0
DA:75,0
DA:76,0
DA:78,0
DA:81,0
DA:82,0
DA:83,0
DA:85,0
DA:86,0
DA:87,0
DA:88,0
DA:89,0
DA:91,0
DA:92,0
DA:94,0
DA:97,0
DA:101,0
DA:102,0
DA:103,0
DA:105,0
DA:106,0
DA:110,0
DA:111,0
DA:112,0
DA:113,0
DA:114,0
DA:116,0
DA:117,0
DA:118,0
DA:120,0
DA:124,0
DA:125,0
DA:126,0
DA:127,0
DA:129,0
DA:130,0
DA:132,0
DA:137,0
DA:138,0
DA:140,0
DA:141,0
DA:142,0
DA:144,0
DA:145,0
DA:147,0
DA:148,0
DA:150,0
DA:155,0
DA:156,0
DA:157,0
DA:158,0
DA:159,0
DA:160,0
DA:161,0
DA:162,0
DA:166,0
DA:168,0
DA:169,0
DA:170,0
DA:172,0
DA:176,0
DA:177,0
DA:178,0
DA:179,0
DA:180,0
DA:182,0
DA:185,0
DA:187,0
DA:188,0
DA:190,0
DA:194,0
DA:195,0
DA:197,0
DA:198,0
DA:204,0
DA:206,0
DA:207,0
DA:209,0
DA:215,0
DA:222,0
DA:229,0
DA:230,0
DA:231,0
DA:232,0
DA:236,0
DA:237,0
DA:238,0
DA:239,0
DA:243,0
DA:244,0
DA:245,0
DA:248,0
DA:259,0
DA:262,0
DA:263,0
DA:264,0
DA:265,0
DA:266,0
DA:267,0
DA:271,0
DA:272,0
DA:276,0
DA:277,0
DA:278,0
DA:281,0
DA:282,0
DA:284,0
DA:285,0
DA:287,0
DA:291,0
DA:292,0
DA:304,0
DA:305,0
DA:313,0
DA:314,0
DA:315,0
DA:316,0
DA:318,0
DA:320,0
DA:321,0
DA:323,0
DA:324,0
DA:326,0
DA:329,0
DA:330,0
DA:332,0
DA:336,0
DA:337,0
DA:338,0
DA:339,0
DA:341,0
DA:343,0
DA:345,0
DA:346,0
DA:348,0
DA:351,0
DA:352,0
DA:354,0
DA:358,0
DA:361,0
DA:362,0
DA:364,0
DA:367,0
DA:369,0
DA:371,0
DA:373,0
DA:375,0
DA:379,0
DA:380,0
DA:381,0
DA:382,0
DA:383,0
DA:384,0
DA:386,0
DA:398,0
DA:400,0
DA:401,0
DA:402,0
DA:403,0
DA:404,0
DA:405,0
DA:407,0
DA:419,0
DA:420,0
DA:422,0
DA:470,0
DA:499,0
DA:529,0
DA:564,0
DA:565,0
DA:589,0
DA:590,0
DA:683,0
DA:686,0
DA:687,0
DA:689,0
DA:690,0
DA:706,0
DA:723,0
DA:783,0
DA:784,0
DA:795,0
DA:803,0
DA:804,0
DA:821,0
DA:822,0
DA:823,0
DA:824,0
DA:826,0
DA:827,0
DA:830,0
DA:831,0
DA:833,0
DA:836,0
DA:839,0
DA:852,0
DA:879,0
DA:880,0
DA:881,0
DA:910,0
DA:914,0
DA:915,0
DA:916,0
DA:975,0
DA:1017,0
DA:1096,0
DA:1108,0
DA:1116,0
DA:1152,0
DA:1161,0
DA:1168,0
DA:1208,0
DA:1209,0
DA:1260,0
DA:1261,0
DA:1269,0
DA:1270,0
DA:1277,0
DA:1278,0
DA:1288,0
DA:1289,0
DA:1300,0
DA:1301,0
DA:1302,0
DA:1304,0
DA:1318,0
LF:252
LH:0
BRDA:30,0,0,0
BRDA:30,1,0,0
BRDA:30,1,1,0
BRDA:31,2,0,0
BRDA:31,2,1,0
BRDA:59,3,0,0
BRDA:59,3,1,0
BRDA:83,4,0,0
BRDA:83,4,1,0
BRDA:85,5,0,0
BRDA:85,5,1,0
BRDA:89,6,0,0
BRDA:89,6,1,0
BRDA:103,7,0,0
BRDA:103,7,1,0
BRDA:127,8,0,0
BRDA:127,8,1,0
BRDA:137,9,0,0
BRDA:137,9,1,0
BRDA:140,10,0,0
BRDA:140,10,1,0
BRDA:141,11,0,0
BRDA:141,11,1,0
BRDA:141,11,2,0
BRDA:142,12,0,0
BRDA:142,12,1,0
BRDA:142,12,2,0
BRDA:144,13,0,0
BRDA:144,13,1,0
BRDA:145,14,0,0
BRDA:145,14,1,0
BRDA:156,15,0,0
BRDA:156,15,1,0
BRDA:156,16,0,0
BRDA:156,16,1,0
BRDA:158,17,0,0
BRDA:158,17,1,0
BRDA:161,18,0,0
BRDA:161,18,1,0
BRDA:170,19,0,0
BRDA:170,19,1,0
BRDA:177,20,0,0
BRDA:177,20,1,0
BRDA:179,21,0,0
BRDA:179,21,1,0
BRDA:187,22,0,0
BRDA:187,22,1,0
BRDA:197,23,0,0
BRDA:197,23,1,0
BRDA:204,24,0,0
BRDA:204,24,1,0
BRDA:207,25,0,0
BRDA:207,25,1,0
BRDA:251,26,0,0
BRDA:251,26,1,0
BRDA:252,27,0,0
BRDA:252,27,1,0
BRDA:253,28,0,0
BRDA:253,28,1,0
BRDA:254,29,0,0
BRDA:254,29,1,0
BRDA:255,30,0,0
BRDA:255,30,1,0
BRDA:259,31,0,0
BRDA:259,31,1,0
BRDA:262,32,0,0
BRDA:262,32,1,0
BRDA:266,33,0,0
BRDA:266,33,1,0
BRDA:267,34,0,0
BRDA:267,34,1,0
BRDA:276,35,0,0
BRDA:276,35,1,0
BRDA:278,36,0,0
BRDA:278,36,1,0
BRDA:304,37,0,0
BRDA:304,37,1,0
BRDA:318,38,0,0
BRDA:318,38,1,0
BRDA:341,39,0,0
BRDA:341,39,1,0
BRDA:358,40,0,0
BRDA:358,40,1,0
BRDA:362,41,0,0
BRDA:362,41,1,0
BRDA:362,41,2,0
BRDA:362,41,3,0
BRDA:362,41,4,0
BRDA:362,41,5,0
BRDA:362,41,6,0
BRDA:380,42,0,0
BRDA:380,42,1,0
BRDA:381,43,0,0
BRDA:381,43,1,0
BRDA:381,43,2,0
BRDA:382,44,0,0
BRDA:382,44,1,0
BRDA:383,45,0,0
BRDA:383,45,1,0
BRDA:383,45,2,0
BRDA:398,46,0,0
BRDA:398,46,1,0
BRDA:400,47,0,0
BRDA:400,47,1,0
BRDA:401,48,0,0
BRDA:401,48,1,0
BRDA:401,48,2,0
BRDA:402,49,0,0
BRDA:402,49,1,0
BRDA:402,49,2,0
BRDA:403,50,0,0
BRDA:403,50,1,0
BRDA:404,51,0,0
BRDA:404,51,1,0
BRDA:413,52,0,0
BRDA:413,52,1,0
BRDA:419,53,0,0
BRDA:419,53,1,0
BRDA:428,54,0,0
BRDA:428,54,1,0
BRDA:428,55,0,0
BRDA:428,55,1,0
BRDA:429,56,0,0
BRDA:429,56,1,0
BRDA:446,57,0,0
BRDA:446,57,1,0
BRDA:456,58,0,0
BRDA:456,58,1,0
BRDA:467,59,0,0
BRDA:467,59,1,0
BRDA:484,60,0,0
BRDA:484,60,1,0
BRDA:496,61,0,0
BRDA:496,61,1,0
BRDA:496,62,0,0
BRDA:496,62,1,0
BRDA:499,63,0,0
BRDA:499,63,1,0
BRDA:503,64,0,0
BRDA:503,64,1,0
BRDA:513,65,0,0
BRDA:513,65,1,0
BRDA:526,66,0,0
BRDA:526,66,1,0
BRDA:526,67,0,0
BRDA:526,67,1,0
BRDA:529,68,0,0
BRDA:529,68,1,0
BRDA:533,69,0,0
BRDA:533,69,1,0
BRDA:564,70,0,0
BRDA:564,70,1,0
BRDA:589,71,0,0
BRDA:589,71,1,0
BRDA:609,72,0,0
BRDA:609,72,1,0
BRDA:610,73,0,0
BRDA:610,73,1,0
BRDA:610,74,0,0
BRDA:610,74,1,0
BRDA:613,75,0,0
BRDA:613,75,1,0
BRDA:621,76,0,0
BRDA:621,76,1,0
BRDA:621,76,2,0
BRDA:621,76,3,0
BRDA:625,77,0,0
BRDA:625,77,1,0
BRDA:637,78,0,0
BRDA:637,78,1,0
BRDA:649,79,0,0
BRDA:649,79,1,0
BRDA:664,80,0,0
BRDA:664,80,1,0
BRDA:664,80,2,0
BRDA:669,81,0,0
BRDA:669,81,1,0
BRDA:687,82,0,0
BRDA:687,82,1,0
BRDA:713,83,0,0
BRDA:713,83,1,0
BRDA:731,84,0,0
BRDA:731,84,1,0
BRDA:752,85,0,0
BRDA:752,85,1,0
BRDA:757,86,0,0
BRDA:757,86,1,0
BRDA:779,87,0,0
BRDA:779,87,1,0
BRDA:780,88,0,0
BRDA:780,88,1,0
BRDA:789,89,0,0
BRDA:789,89,1,0
BRDA:799,90,0,0
BRDA:799,90,1,0
BRDA:800,91,0,0
BRDA:800,91,1,0
BRDA:809,92,0,0
BRDA:809,92,1,0
BRDA:822,93,0,0
BRDA:822,93,1,0
BRDA:826,94,0,0
BRDA:826,94,1,0
BRDA:849,95,0,0
BRDA:849,95,1,0
BRDA:879,96,0,0
BRDA:879,96,1,0
BRDA:892,97,0,0
BRDA:892,97,1,0
BRDA:897,98,0,0
BRDA:897,98,1,0
BRDA:914,99,0,0
BRDA:914,99,1,0
BRDA:924,100,0,0
BRDA:924,100,1,0
BRDA:928,101,0,0
BRDA:928,101,1,0
BRDA:928,102,0,0
BRDA:928,102,1,0
BRDA:932,103,0,0
BRDA:932,103,1,0
BRDA:932,104,0,0
BRDA:932,104,1,0
BRDA:934,105,0,0
BRDA:934,105,1,0
BRDA:940,106,0,0
BRDA:940,106,1,0
BRDA:943,107,0,0
BRDA:943,107,1,0
BRDA:959,108,0,0
BRDA:959,108,1,0
BRDA:959,108,2,0
BRDA:959,108,3,0
BRDA:964,109,0,0
BRDA:964,109,1,0
BRDA:972,110,0,0
BRDA:972,110,1,0
BRDA:984,111,0,0
BRDA:984,111,1,0
BRDA:985,112,0,0
BRDA:985,112,1,0
BRDA:995,113,0,0
BRDA:995,113,1,0
BRDA:1014,114,0,0
BRDA:1014,114,1,0
BRDA:1026,115,0,0
BRDA:1026,115,1,0
BRDA:1027,116,0,0
BRDA:1027,116,1,0
BRDA:1037,117,0,0
BRDA:1037,117,1,0
BRDA:1055,118,0,0
BRDA:1055,118,1,0
BRDA:1055,118,2,0
BRDA:1055,118,3,0
BRDA:1120,119,0,0
BRDA:1120,119,1,0
BRDA:1134,120,0,0
BRDA:1134,120,1,0
BRDA:1155,121,0,0
BRDA:1155,121,1,0
BRDA:1208,122,0,0
BRDA:1208,122,1,0
BRDA:1217,123,0,0
BRDA:1217,123,1,0
BRDA:1228,124,0,0
BRDA:1228,124,1,0
BRDA:1245,125,0,0
BRDA:1245,125,1,0
BRDA:1256,126,0,0
BRDA:1256,126,1,0
BRDA:1284,127,0,0
BRDA:1284,127,1,0
BRDA:1296,128,0,0
BRDA:1296,128,1,0
BRDA:1296,129,0,0
BRDA:1296,129,1,0
BRDA:1296,130,0,0
BRDA:1296,130,1,0
BRDA:1300,131,0,0
BRDA:1300,131,1,0
BRDA:1301,132,0,0
BRDA:1301,132,1,0
BRF:283
BRH:0
end_of_record
TN:
SF:src/components/ServiceSearchInput.js
FN:27,ServiceSearchInput
FN:47,(anonymous_1)
FN:53,(anonymous_2)
FN:63,(anonymous_3)
FN:78,(anonymous_4)
FN:90,(anonymous_5)
FN:97,(anonymous_6)
FN:102,(anonymous_7)
FN:109,(anonymous_8)
FN:120,(anonymous_9)
FN:127,(anonymous_10)
FN:152,(anonymous_11)
FN:159,(anonymous_12)
FN:161,(anonymous_13)
FN:166,(anonymous_14)
FN:167,(anonymous_15)
FN:177,(anonymous_16)
FN:215,(anonymous_17)
FN:273,(anonymous_18)
FN:294,(anonymous_19)
FN:312,(anonymous_20)
FNF:21
FNH:0
FNDA:0,ServiceSearchInput
FNDA:0,(anonymous_1)
FNDA:0,(anonymous_2)
FNDA:0,(anonymous_3)
FNDA:0,(anonymous_4)
FNDA:0,(anonymous_5)
FNDA:0,(anonymous_6)
FNDA:0,(anonymous_7)
FNDA:0,(anonymous_8)
FNDA:0,(anonymous_9)
FNDA:0,(anonymous_10)
FNDA:0,(anonymous_11)
FNDA:0,(anonymous_12)
FNDA:0,(anonymous_13)
FNDA:0,(anonymous_14)
FNDA:0,(anonymous_15)
FNDA:0,(anonymous_16)
FNDA:0,(anonymous_17)
FNDA:0,(anonymous_18)
FNDA:0,(anonymous_19)
FNDA:0,(anonymous_20)
DA:33,0
DA:34,0
DA:36,0
DA:37,0
DA:38,0
DA:39,0
DA:40,0
DA:41,0
DA:43,0
DA:44,0
DA:47,0
DA:48,0
DA:49,0
DA:53,0
DA:54,0
DA:55,0
DA:56,0
DA:58,0
DA:63,0
DA:64,0
DA:65,0
DA:66,0
DA:67,0
DA:70,0
DA:73,0
DA:74,0
DA:78,0
DA:79,0
DA:80,0
DA:81,0
DA:83,0
DA:84,0
DA:86,0
DA:90,0
DA:91,0
DA:92,0
DA:97,0
DA:98,0
DA:99,0
DA:102,0
DA:104,0
DA:105,0
DA:106,0
DA:109,0
DA:110,0
DA:111,0
DA:115,0
DA:116,0
DA:120,0
DA:121,0
DA:122,0
DA:126,0
DA:127,0
DA:129,0
DA:130,0
DA:131,0
DA:134,0
DA:135,0
DA:137,0
DA:139,0
DA:141,0
DA:142,0
DA:145,0
DA:147,0
DA:148,0
DA:152,0
DA:153,0
DA:154,0
DA:156,0
DA:159,0
DA:161,0
DA:162,0
DA:166,0
DA:167,0
DA:169,0
DA:177,0
DA:215,0
DA:216,0
DA:217,0
DA:220,0
DA:221,0
DA:240,0
DA:243,0
DA:273,0
DA:294,0
DA:312,0
DA:324,0
LF:87
LH:0
BRDA:29,0,0,0
BRDA:30,1,0,0
BRDA:31,2,0,0
BRDA:33,3,0,0
BRDA:33,4,0,0
BRDA:33,4,1,0
BRDA:48,5,0,0
BRDA:48,5,1,0
BRDA:64,6,0,0
BRDA:64,6,1,0
BRDA:73,7,0,0
BRDA:73,7,1,0
BRDA:91,8,0,0
BRDA:91,8,1,0
BRDA:110,9,0,0
BRDA:110,9,1,0
BRDA:115,10,0,0
BRDA:115,10,1,0
BRDA:121,11,0,0
BRDA:121,11,1,0
BRDA:121,12,0,0
BRDA:121,12,1,0
BRDA:129,13,0,0
BRDA:129,13,1,0
BRDA:141,14,0,0
BRDA:141,14,1,0
BRDA:141,15,0,0
BRDA:141,15,1,0
BRDA:153,16,0,0
BRDA:153,16,1,0
BRDA:153,17,0,0
BRDA:153,17,1,0
BRDA:174,18,0,0
BRDA:174,18,1,0
BRDA:183,19,0,0
BRDA:183,19,1,0
BRDA:191,20,0,0
BRDA:191,20,1,0
BRDA:197,21,0,0
BRDA:197,21,1,0
BRDA:207,22,0,0
BRDA:207,22,1,0
BRDA:216,23,0,0
BRDA:216,23,1,0
BRDA:220,24,0,0
BRDA:220,24,1,0
BRDA:220,25,0,0
BRDA:220,25,1,0
BRDA:264,26,0,0
BRDA:264,26,1,0
BRDA:268,27,0,0
BRDA:268,27,1,0
BRDA:272,28,0,0
BRDA:272,28,1,0
BRDA:272,28,2,0
BRDA:272,28,3,0
BRDA:280,29,0,0
BRDA:280,29,1,0
BRDA:290,30,0,0
BRDA:290,30,1,0
BRDA:290,30,2,0
BRDA:290,30,3,0
BRDA:305,31,0,0
BRDA:305,31,1,0
BRDA:305,31,2,0
BRDA:305,31,3,0
BRF:66
BRH:0
end_of_record
TN:
SF:src/components/SimpleProjectCard.js
FN:7,SimpleProjectCard
FN:11,(anonymous_1)
FN:29,(anonymous_2)
FNF:3
FNH:0
FNDA:0,SimpleProjectCard
FNDA:0,(anonymous_1)
FNDA:0,(anonymous_2)
DA:8,0
DA:9,0
DA:11,0
DA:12,0
DA:14,0
DA:17,0
DA:19,0
DA:21,0
DA:23,0
DA:25,0
DA:29,0
DA:30,0
DA:31,0
DA:32,0
DA:33,0
DA:34,0
DA:35,0
DA:36,0
DA:37,0
DA:38,0
DA:39,0
DA:40,0
DA:43,0
DA:44,0
DA:46,0
DA:78,0
LF:26
LH:0
BRDA:8,0,0,0
BRDA:8,1,0,0
BRDA:8,1,1,0
BRDA:9,2,0,0
BRDA:9,2,1,0
BRDA:12,3,0,0
BRDA:12,3,1,0
BRDA:12,3,2,0
BRDA:12,3,3,0
BRDA:12,3,4,0
BRDA:12,3,5,0
BRDA:12,3,6,0
BRDA:30,4,0,0
BRDA:30,4,1,0
BRDA:31,5,0,0
BRDA:31,5,1,0
BRDA:32,6,0,0
BRDA:32,6,1,0
BRDA:33,7,0,0
BRDA:33,7,1,0
BRDA:34,8,0,0
BRDA:34,8,1,0
BRDA:35,9,0,0
BRDA:35,9,1,0
BRDA:36,10,0,0
BRDA:36,10,1,0
BRDA:37,11,0,0
BRDA:37,11,1,0
BRDA:38,12,0,0
BRDA:38,12,1,0
BRDA:39,13,0,0
BRDA:39,13,1,0
BRDA:65,14,0,0
BRDA:65,14,1,0
BRF:34
BRH:0
end_of_record
TN:
SF:src/components/StatusMessage.js
FN:24,(anonymous_0)
FN:36,(anonymous_1)
FN:50,(anonymous_2)
FN:60,(anonymous_3)
FN:65,(anonymous_4)
FN:71,(anonymous_5)
FN:72,(anonymous_6)
FN:79,(anonymous_7)
FN:83,(anonymous_8)
FN:92,(anonymous_9)
FN:108,(anonymous_10)
FN:112,(anonymous_11)
FNF:12
FNH:0
FNDA:0,(anonymous_0)
FNDA:0,(anonymous_1)
FNDA:0,(anonymous_2)
FNDA:0,(anonymous_3)
FNDA:0,(anonymous_4)
FNDA:0,(anonymous_5)
FNDA:0,(anonymous_6)
FNDA:0,(anonymous_7)
FNDA:0,(anonymous_8)
FNDA:0,(anonymous_9)
FNDA:0,(anonymous_10)
FNDA:0,(anonymous_11)
DA:24,0
DA:25,0
DA:26,0
DA:27,0
DA:28,0
DA:29,0
DA:30,0
DA:33,0
DA:36,0
DA:37,0
DA:38,0
DA:39,0
DA:40,0
DA:44,0
DA:45,0
DA:46,0
DA:47,0
DA:49,0
DA:50,0
DA:51,0
DA:52,0
DA:53,0
DA:55,0
DA:56,0
DA:60,0
DA:65,0
DA:66,0
DA:67,0
DA:68,0
DA:71,0
DA:72,0
DA:73,0
DA:74,0
DA:75,0
DA:79,0
DA:83,0
DA:84,0
DA:85,0
DA:87,0
DA:92,0
DA:93,0
DA:94,0
DA:104,0
DA:108,0
DA:112,0
DA:113,0
DA:118,0
DA:123,0
DA:125,0
DA:127,0
DA:164,0
LF:51
LH:0
BRDA:33,0,0,0
BRDA:33,0,1,0
BRDA:37,1,0,0
BRDA:37,1,1,0
BRDA:44,2,0,0
BRDA:44,2,1,0
BRDA:51,3,0,0
BRDA:51,3,1,0
BRDA:66,4,0,0
BRDA:66,4,1,0
BRDA:73,5,0,0
BRDA:73,5,1,0
BRDA:74,6,0,0
BRDA:74,6,1,0
BRDA:84,7,0,0
BRDA:84,7,1,0
BRDA:93,8,0,0
BRDA:93,8,1,0
BRDA:93,9,0,0
BRDA:93,9,1,0
BRDA:123,10,0,0
BRDA:123,10,1,0
BRDA:125,11,0,0
BRDA:125,11,1,0
BRDA:134,12,0,0
BRDA:134,12,1,0
BRF:26
BRH:0
end_of_record
TN:
SF:src/components/SubcontractorQuoteCard.js
FN:7,SubcontractorQuoteCard
FN:11,(anonymous_1)
FN:20,(anonymous_2)
FN:37,(anonymous_3)
FN:43,(anonymous_4)
FN:50,(anonymous_5)
FNF:6
FNH:0
FNDA:0,SubcontractorQuoteCard
FNDA:0,(anonymous_1)
FNDA:0,(anonymous_2)
FNDA:0,(anonymous_3)
FNDA:0,(anonymous_4)
FNDA:0,(anonymous_5)
DA:8,0
DA:9,0
DA:11,0
DA:12,0
DA:13,0
DA:14,0
DA:15,0
DA:17,0
DA:20,0
DA:21,0
DA:22,0
DA:26,0
DA:27,0
DA:28,0
DA:30,0
DA:31,0
DA:34,0
DA:37,0
DA:38,0
DA:39,0
DA:40,0
DA:43,0
DA:44,0
DA:45,0
DA:46,0
DA:50,0
DA:51,0
DA:52,0
DA:53,0
DA:57,0
DA:176,0
LF:31
LH:0
BRDA:8,0,0,0
BRDA:8,1,0,0
BRDA:8,1,1,0
BRDA:9,2,0,0
BRDA:9,2,1,0
BRDA:12,3,0,0
BRDA:12,3,1,0
BRDA:14,4,0,0
BRDA:14,4,1,0
BRDA:21,5,0,0
BRDA:21,5,1,0
BRDA:21,6,0,0
BRDA:21,6,1,0
BRDA:27,7,0,0
BRDA:27,7,1,0
BRDA:27,7,2,0
BRDA:28,8,0,0
BRDA:28,8,1,0
BRDA:30,9,0,0
BRDA:30,9,1,0
BRDA:38,10,0,0
BRDA:38,10,1,0
BRDA:45,11,0,0
BRDA:45,11,1,0
BRDA:52,12,0,0
BRDA:52,12,1,0
BRDA:63,13,0,0
BRDA:63,13,1,0
BRDA:64,14,0,0
BRDA:64,14,1,0
BRDA:71,15,0,0
BRDA:71,15,1,0
BRDA:83,16,0,0
BRDA:83,16,1,0
BRDA:84,17,0,0
BRDA:84,17,1,0
BRDA:92,18,0,0
BRDA:92,18,1,0
BRDA:111,19,0,0
BRDA:111,19,1,0
BRDA:113,20,0,0
BRDA:113,20,1,0
BRDA:116,21,0,0
BRDA:116,21,1,0
BRDA:136,22,0,0
BRDA:136,22,1,0
BRDA:136,22,2,0
BRDA:138,23,0,0
BRDA:138,23,1,0
BRDA:145,24,0,0
BRDA:145,24,1,0
BRDA:153,25,0,0
BRDA:153,25,1,0
BRDA:164,26,0,0
BRDA:164,26,1,0
BRF:55
BRH:0
end_of_record
TN:
SF:src/components/ThemeSwitch.js
FN:10,(anonymous_0)
FN:11,(anonymous_1)
FN:13,(anonymous_2)
FNF:3
FNH:0
FNDA:0,(anonymous_0)
FNDA:0,(anonymous_1)
FNDA:0,(anonymous_2)
DA:10,0
DA:11,0
DA:13,0
DA:14,0
DA:22,0
DA:35,0
LF:6
LH:0
BRDA:11,0,0,0
BRDA:11,1,0,0
BRDA:11,2,0,0
BRDA:11,2,1,0
BRDA:16,3,0,0
BRDA:16,3,1,0
BRDA:26,4,0,0
BRDA:26,4,1,0
BRDA:28,5,0,0
BRDA:28,5,1,0
BRF:10
BRH:0
end_of_record
TN:
SF:src/components/TimelinePickerModal.js
FN:16,TimelinePickerModal
FN:23,(anonymous_1)
FN:32,(anonymous_2)
FN:52,(anonymous_3)
FN:71,(anonymous_4)
FN:78,(anonymous_5)
FN:102,(anonymous_6)
FNF:7
FNH:0
FNDA:0,TimelinePickerModal
FNDA:0,(anonymous_1)
FNDA:0,(anonymous_2)
FNDA:0,(anonymous_3)
FNDA:0,(anonymous_4)
FNDA:0,(anonymous_5)
FNDA:0,(anonymous_6)
DA:17,0
DA:18,0
DA:20,0
DA:21,0
DA:23,0
DA:24,0
DA:25,0
DA:26,0
DA:27,0
DA:28,0
DA:29,0
DA:32,0
DA:34,0
DA:35,0
DA:36,0
DA:39,0
DA:41,0
DA:42,0
DA:43,0
DA:47,0
DA:52,0
DA:53,0
DA:54,0
DA:57,0
DA:58,0
DA:66,0
DA:67,0
DA:68,0
DA:71,0
DA:73,0
DA:74,0
DA:75,0
DA:78,0
DA:79,0
DA:80,0
DA:81,0
DA:88,0
DA:89,0
DA:91,0
DA:102,0
DA:226,0
LF:41
LH:0
BRDA:17,0,0,0
BRDA:17,1,0,0
BRDA:17,1,1,0
BRDA:24,2,0,0
BRDA:24,2,1,0
BRDA:24,3,0,0
BRDA:24,3,1,0
BRDA:34,4,0,0
BRDA:34,4,1,0
BRDA:34,5,0,0
BRDA:34,5,1,0
BRDA:34,5,2,0
BRDA:39,6,0,0
BRDA:39,6,1,0
BRDA:39,7,0,0
BRDA:39,7,1,0
BRDA:41,8,0,0
BRDA:41,8,1,0
BRDA:53,9,0,0
BRDA:53,9,1,0
BRDA:53,10,0,0
BRDA:53,10,1,0
BRDA:79,11,0,0
BRDA:79,11,1,0
BRDA:89,12,0,0
BRDA:89,12,1,0
BRDA:116,13,0,0
BRDA:116,13,1,0
BRDA:119,14,0,0
BRDA:119,14,1,0
BRDA:121,15,0,0
BRDA:121,15,1,0
BRDA:175,16,0,0
BRDA:175,16,1,0
BRDA:175,16,2,0
BRDA:206,17,0,0
BRDA:206,17,1,0
BRDA:207,18,0,0
BRDA:207,18,1,0
BRF:39
BRH:0
end_of_record
TN:
SF:src/components/WorkerAssignmentModal.js
FN:29,WorkerAssignmentModal
FN:45,(anonymous_1)
FN:51,(anonymous_2)
FN:70,(anonymous_3)
FN:79,(anonymous_4)
FN:84,(anonymous_5)
FN:85,(anonymous_6)
FN:86,(anonymous_7)
FN:121,(anonymous_8)
FN:131,(anonymous_9)
FN:136,(anonymous_10)
FN:143,(anonymous_11)
FN:153,(anonymous_12)
FN:154,(anonymous_13)
FN:158,(anonymous_14)
FN:167,(anonymous_15)
FN:221,(anonymous_16)
FN:234,(anonymous_17)
FN:241,(anonymous_18)
FN:274,(anonymous_19)
FN:285,(anonymous_20)
FNF:21
FNH:0
FNDA:0,WorkerAssignmentModal
FNDA:0,(anonymous_1)
FNDA:0,(anonymous_2)
FNDA:0,(anonymous_3)
FNDA:0,(anonymous_4)
FNDA:0,(anonymous_5)
FNDA:0,(anonymous_6)
FNDA:0,(anonymous_7)
FNDA:0,(anonymous_8)
FNDA:0,(anonymous_9)
FNDA:0,(anonymous_10)
FNDA:0,(anonymous_11)
FNDA:0,(anonymous_12)
FNDA:0,(anonymous_13)
FNDA:0,(anonymous_14)
FNDA:0,(anonymous_15)
FNDA:0,(anonymous_16)
FNDA:0,(anonymous_17)
FNDA:0,(anonymous_18)
FNDA:0,(anonymous_19)
FNDA:0,(anonymous_20)
DA:37,0
DA:38,0
DA:39,0
DA:40,0
DA:41,0
DA:42,0
DA:43,0
DA:45,0
DA:46,0
DA:47,0
DA:51,0
DA:52,0
DA:53,0
DA:56,0
DA:57,0
DA:60,0
DA:61,0
DA:62,0
DA:64,0
DA:67,0
DA:70,0
DA:71,0
DA:73,0
DA:75,0
DA:79,0
DA:80,0
DA:81,0
DA:84,0
DA:85,0
DA:86,0
DA:89,0
DA:90,0
DA:91,0
DA:93,0
DA:98,0
DA:99,0
DA:100,0
DA:102,0
DA:107,0
DA:108,0
DA:111,0
DA:112,0
DA:114,0
DA:115,0
DA:117,0
DA:121,0
DA:122,0
DA:123,0
DA:124,0
DA:126,0
DA:128,0
DA:131,0
DA:132,0
DA:135,0
DA:136,0
DA:140,0
DA:141,0
DA:142,0
DA:144,0
DA:150,0
DA:153,0
DA:154,0
DA:155,0
DA:158,0
DA:159,0
DA:160,0
DA:161,0
DA:162,0
DA:164,0
DA:167,0
DA:168,0
DA:170,0
DA:172,0
DA:174,0
DA:176,0
DA:180,0
DA:181,0
DA:183,0
DA:221,0
DA:235,0
DA:241,0
DA:275,0
DA:276,0
DA:278,0
DA:285,0
DA:351,0
LF:86
LH:0
BRDA:32,0,0,0
BRDA:46,1,0,0
BRDA:46,1,1,0
BRDA:46,2,0,0
BRDA:46,2,1,0
BRDA:61,3,0,0
BRDA:61,3,1,0
BRDA:90,4,0,0
BRDA:90,4,1,0
BRDA:99,5,0,0
BRDA:99,5,1,0
BRDA:107,6,0,0
BRDA:107,6,1,0
BRDA:123,7,0,0
BRDA:123,7,1,0
BRDA:135,8,0,0
BRDA:135,8,1,0
BRDA:140,9,0,0
BRDA:140,9,1,0
BRDA:144,10,0,0
BRDA:144,10,1,0
BRDA:144,10,2,0
BRDA:159,11,0,0
BRDA:159,11,1,0
BRDA:161,12,0,0
BRDA:161,12,1,0
BRDA:168,13,0,0
BRDA:168,13,1,0
BRDA:168,13,2,0
BRDA:168,13,3,0
BRDA:203,14,0,0
BRDA:203,14,1,0
BRDA:204,15,0,0
BRDA:204,15,1,0
BRDA:220,16,0,0
BRDA:220,16,1,0
BRDA:239,17,0,0
BRDA:239,17,1,0
BRDA:245,18,0,0
BRDA:245,18,1,0
BRDA:247,19,0,0
BRDA:247,19,1,0
BRDA:255,20,0,0
BRDA:255,20,1,0
BRDA:265,21,0,0
BRDA:265,21,1,0
BRDA:269,22,0,0
BRDA:269,22,1,0
BRDA:283,23,0,0
BRDA:283,23,1,0
BRDA:291,24,0,0
BRDA:291,24,1,0
BRDA:293,25,0,0
BRDA:293,25,1,0
BRDA:305,26,0,0
BRDA:305,26,1,0
BRDA:311,27,0,0
BRDA:311,27,1,0
BRDA:313,28,0,0
BRDA:313,28,1,0
BRDA:324,29,0,0
BRDA:324,29,1,0
BRDA:336,30,0,0
BRDA:336,30,1,0
BRF:64
BRH:0
end_of_record
TN:
SF:src/components/WorkerCard.js
FN:7,WorkerCard
FN:12,(anonymous_1)
FN:27,(anonymous_2)
FN:42,(anonymous_3)
FN:51,(anonymous_4)
FNF:5
FNH:0
FNDA:0,WorkerCard
FNDA:0,(anonymous_1)
FNDA:0,(anonymous_2)
FNDA:0,(anonymous_3)
FNDA:0,(anonymous_4)
DA:8,0
DA:9,0
DA:12,0
DA:13,0
DA:15,0
DA:17,0
DA:19,0
DA:21,0
DA:23,0
DA:27,0
DA:28,0
DA:30,0
DA:32,0
DA:34,0
DA:36,0
DA:38,0
DA:42,0
DA:43,0
DA:44,0
DA:45,0
DA:46,0
DA:48,0
DA:51,0
DA:52,0
DA:54,0
DA:56,0
DA:58,0
DA:60,0
DA:62,0
DA:64,0
DA:68,0
DA:69,0
DA:70,0
DA:72,0
DA:132,0
LF:35
LH:0
BRDA:7,0,0,0
BRDA:8,1,0,0
BRDA:8,2,0,0
BRDA:8,2,1,0
BRDA:9,3,0,0
BRDA:9,3,1,0
BRDA:13,4,0,0
BRDA:13,4,1,0
BRDA:13,4,2,0
BRDA:13,4,3,0
BRDA:13,4,4,0
BRDA:28,5,0,0
BRDA:28,5,1,0
BRDA:28,5,2,0
BRDA:28,5,3,0
BRDA:28,5,4,0
BRDA:43,6,0,0
BRDA:43,6,1,0
BRDA:45,7,0,0
BRDA:45,7,1,0
BRDA:52,8,0,0
BRDA:52,8,1,0
BRDA:54,9,0,0
BRDA:54,9,1,0
BRDA:54,9,2,0
BRDA:54,9,3,0
BRDA:54,9,4,0
BRDA:56,10,0,0
BRDA:56,10,1,0
BRDA:58,11,0,0
BRDA:58,11,1,0
BRDA:60,12,0,0
BRDA:60,12,1,0
BRDA:62,13,0,0
BRDA:62,13,1,0
BRDA:64,14,0,0
BRDA:64,14,1,0
BRDA:88,15,0,0
BRDA:88,15,1,0
BRDA:101,16,0,0
BRDA:101,16,1,0
BRDA:121,17,0,0
BRDA:121,17,1,0
BRF:43
BRH:0
end_of_record
TN:
SF:src/components/WorkerInviteHandler.js
FN:13,(anonymous_0)
FN:17,(anonymous_1)
FN:21,(anonymous_2)
FN:26,(anonymous_3)
FNF:4
FNH:0
FNDA:0,(anonymous_0)
FNDA:0,(anonymous_1)
FNDA:0,(anonymous_2)
FNDA:0,(anonymous_3)
DA:13,0
DA:14,0
DA:15,0
DA:17,0
DA:18,0
DA:21,0
DA:22,0
DA:23,0
DA:26,0
DA:28,0
DA:31,0
DA:32,0
DA:37,0
DA:38,0
DA:41,0
LF:15
LH:0
BRDA:31,0,0,0
BRDA:31,0,1,0
BRDA:37,1,0,0
BRDA:37,1,1,0
BRDA:37,2,0,0
BRDA:37,2,1,0
BRDA:37,2,2,0
BRDA:37,2,3,0
BRF:8
BRH:0
end_of_record
TN:
SF:src/components/WorkerLumaBar.js
FN:17,(anonymous_0)
FN:19,(anonymous_1)
FN:20,(anonymous_2)
FN:26,(anonymous_3)
FN:30,(anonymous_4)
FN:39,(anonymous_5)
FN:46,(anonymous_6)
FN:55,(anonymous_7)
FN:58,(anonymous_8)
FN:64,(anonymous_9)
FNF:10
FNH:0
FNDA:0,(anonymous_0)
FNDA:0,(anonymous_1)
FNDA:0,(anonymous_2)
FNDA:0,(anonymous_3)
FNDA:0,(anonymous_4)
FNDA:0,(anonymous_5)
FNDA:0,(anonymous_6)
FNDA:0,(anonymous_7)
FNDA:0,(anonymous_8)
FNDA:0,(anonymous_9)
DA:10,0
DA:17,0
DA:19,0
DA:20,0
DA:21,0
DA:24,0
DA:26,0
DA:27,0
DA:30,0
DA:31,0
DA:32,0
DA:35,0
DA:40,0
DA:41,0
DA:46,0
DA:55,0
DA:56,0
DA:58,0
DA:59,0
DA:64,0
DA:65,0
DA:71,0
DA:88,0
LF:23
LH:0
BRDA:21,0,0,0
BRDA:21,0,1,0
BRDA:65,1,0,0
BRDA:65,1,1,0
BRDA:81,2,0,0
BRDA:81,2,1,0
BRF:6
BRH:0
end_of_record
TN:
SF:src/components/WorkerScheduleCard.js
FN:7,WorkerScheduleCard
FN:13,(anonymous_1)
FN:16,(anonymous_2)
FN:30,(anonymous_3)
FN:33,(anonymous_4)
FN:42,(anonymous_5)
FN:55,(anonymous_6)
FNF:7
FNH:0
FNDA:0,WorkerScheduleCard
FNDA:0,(anonymous_1)
FNDA:0,(anonymous_2)
FNDA:0,(anonymous_3)
FNDA:0,(anonymous_4)
FNDA:0,(anonymous_5)
FNDA:0,(anonymous_6)
DA:8,0
DA:9,0
DA:10,0
DA:13,0
DA:14,0
DA:16,0
DA:17,0
DA:18,0
DA:19,0
DA:21,0
DA:22,0
DA:24,0
DA:27,0
DA:28,0
DA:30,0
DA:33,0
DA:34,0
DA:35,0
DA:36,0
DA:37,0
DA:39,0
DA:42,0
DA:43,0
DA:45,0
DA:47,0
DA:49,0
DA:51,0
DA:55,0
DA:56,0
DA:57,0
DA:58,0
DA:65,0
DA:66,0
DA:68,0
DA:153,0
LF:35
LH:0
BRDA:8,0,0,0
BRDA:8,1,0,0
BRDA:8,1,1,0
BRDA:9,2,0,0
BRDA:9,2,1,0
BRDA:14,3,0,0
BRDA:14,3,1,0
BRDA:14,4,0,0
BRDA:14,4,1,0
BRDA:34,5,0,0
BRDA:34,5,1,0
BRDA:36,6,0,0
BRDA:36,6,1,0
BRDA:43,7,0,0
BRDA:43,7,1,0
BRDA:43,7,2,0
BRDA:43,7,3,0
BRDA:56,8,0,0
BRDA:56,8,1,0
BRDA:83,9,0,0
BRDA:83,9,1,0
BRDA:95,10,0,0
BRDA:95,10,1,0
BRDA:106,11,0,0
BRDA:106,11,1,0
BRDA:122,12,0,0
BRDA:122,12,1,0
BRDA:127,13,0,0
BRDA:127,13,1,0
BRDA:136,14,0,0
BRDA:136,14,1,0
BRF:31
BRH:0
end_of_record
TN:
SF:src/components/ChatVisuals/AppointmentCard.js
FN:7,AppointmentCard
FN:26,(anonymous_1)
FN:37,(anonymous_2)
FN:48,(anonymous_3)
FN:66,(anonymous_4)
FN:76,(anonymous_5)
FN:165,(anonymous_6)
FN:172,(anonymous_7)
FNF:8
FNH:0
FNDA:0,AppointmentCard
FNDA:0,(anonymous_1)
FNDA:0,(anonymous_2)
FNDA:0,(anonymous_3)
FNDA:0,(anonymous_4)
FNDA:0,(anonymous_5)
FNDA:0,(anonymous_6)
FNDA:0,(anonymous_7)
DA:8,0
DA:9,0
DA:23,0
DA:26,0
DA:27,0
DA:28,0
DA:29,0
DA:37,0
DA:38,0
DA:39,0
DA:40,0
DA:48,0
DA:49,0
DA:51,0
DA:53,0
DA:55,0
DA:57,0
DA:59,0
DA:61,0
DA:66,0
DA:67,0
DA:68,0
DA:70,0
DA:71,0
DA:76,0
DA:78,0
DA:82,0
DA:83,0
DA:84,0
DA:85,0
DA:87,0
DA:165,0
DA:172,0
DA:182,0
LF:34
LH:0
BRDA:8,0,0,0
BRDA:8,1,0,0
BRDA:8,1,1,0
BRDA:22,2,0,0
BRDA:23,3,0,0
BRDA:23,3,1,0
BRDA:27,4,0,0
BRDA:27,4,1,0
BRDA:38,5,0,0
BRDA:38,5,1,0
BRDA:49,6,0,0
BRDA:49,6,1,0
BRDA:49,6,2,0
BRDA:49,6,3,0
BRDA:49,6,4,0
BRDA:49,6,5,0
BRDA:67,7,0,0
BRDA:67,7,1,0
BRDA:67,7,2,0
BRDA:68,8,0,0
BRDA:68,8,1,0
BRDA:82,9,0,0
BRDA:82,9,1,0
BRDA:82,9,2,0
BRDA:96,10,0,0
BRDA:96,10,1,0
BRDA:111,11,0,0
BRDA:111,11,1,0
BRDA:117,12,0,0
BRDA:117,12,1,0
BRDA:122,13,0,0
BRDA:122,13,1,0
BRDA:130,14,0,0
BRDA:130,14,1,0
BRDA:149,15,0,0
BRDA:149,15,1,0
BRDA:165,16,0,0
BRDA:165,16,1,0
BRDA:172,17,0,0
BRDA:172,17,1,0
BRF:40
BRH:0
end_of_record
TN:
SF:src/components/ChatVisuals/BudgetChart.js
FN:7,BudgetChart
FN:20,(anonymous_1)
FN:24,(anonymous_2)
FNF:3
FNH:0
FNDA:0,BudgetChart
FNDA:0,(anonymous_1)
FNDA:0,(anonymous_2)
DA:8,0
DA:9,0
DA:18,0
DA:20,0
DA:21,0
DA:24,0
DA:25,0
DA:26,0
DA:27,0
DA:28,0
DA:31,0
DA:130,0
LF:12
LH:0
BRDA:8,0,0,0
BRDA:8,1,0,0
BRDA:8,1,1,0
BRDA:12,2,0,0
BRDA:13,3,0,0
BRDA:14,4,0,0
BRDA:15,5,0,0
BRDA:16,6,0,0
BRDA:17,7,0,0
BRDA:25,8,0,0
BRDA:25,8,1,0
BRDA:26,9,0,0
BRDA:26,9,1,0
BRDA:27,10,0,0
BRDA:27,10,1,0
BRDA:112,11,0,0
BRDA:112,11,1,0
BRDA:121,12,0,0
BRDA:121,12,1,0
BRF:19
BRH:0
end_of_record
TN:
SF:src/components/ChatVisuals/ContractList.js
FN:7,ContractList
FN:13,(anonymous_1)
FN:19,(anonymous_2)
FN:26,(anonymous_3)
FN:36,(anonymous_4)
FN:42,(anonymous_5)
FN:75,(anonymous_6)
FN:79,(anonymous_7)
FN:116,(anonymous_8)
FN:124,(anonymous_9)
FNF:10
FNH:0
FNDA:0,ContractList
FNDA:0,(anonymous_1)
FNDA:0,(anonymous_2)
FNDA:0,(anonymous_3)
FNDA:0,(anonymous_4)
FNDA:0,(anonymous_5)
FNDA:0,(anonymous_6)
FNDA:0,(anonymous_7)
FNDA:0,(anonymous_8)
FNDA:0,(anonymous_9)
DA:8,0
DA:9,0
DA:11,0
DA:13,0
DA:14,0
DA:15,0
DA:16,0
DA:19,0
DA:20,0
DA:21,0
DA:23,0
DA:26,0
DA:27,0
DA:28,0
DA:30,0
DA:31,0
DA:33,0
DA:36,0
DA:37,0
DA:38,0
DA:42,0
DA:43,0
DA:44,0
DA:48,0
DA:76,0
DA:79,0
DA:116,0
DA:124,0
DA:138,0
LF:29
LH:0
BRDA:8,0,0,0
BRDA:8,1,0,0
BRDA:8,1,1,0
BRDA:11,2,0,0
BRDA:14,3,0,0
BRDA:14,3,1,0
BRDA:20,4,0,0
BRDA:20,4,1,0
BRDA:20,5,0,0
BRDA:20,5,1,0
BRDA:20,6,0,0
BRDA:20,6,1,0
BRDA:27,7,0,0
BRDA:27,7,1,0
BRDA:27,8,0,0
BRDA:27,8,1,0
BRDA:27,9,0,0
BRDA:27,9,1,0
BRDA:30,10,0,0
BRDA:30,10,1,0
BRDA:30,11,0,0
BRDA:30,11,1,0
BRDA:37,12,0,0
BRDA:37,12,1,0
BRDA:43,13,0,0
BRDA:43,13,1,0
BRDA:67,14,0,0
BRDA:67,14,1,0
BRDA:77,15,0,0
BRDA:77,15,1,0
BRDA:94,16,0,0
BRDA:94,16,1,0
BRF:32
BRH:0
end_of_record
TN:
SF:src/components/ChatVisuals/ContractPreview.js
FN:8,ContractPreview
FN:38,(anonymous_1)
FN:44,(anonymous_2)
FN:53,(anonymous_3)
FN:72,(anonymous_4)
FN:76,(anonymous_5)
FN:87,(anonymous_6)
FN:111,(anonymous_7)
FN:123,(anonymous_8)
FNF:9
FNH:0
FNDA:0,ContractPreview
FNDA:0,(anonymous_1)
FNDA:0,(anonymous_2)
FNDA:0,(anonymous_3)
FNDA:0,(anonymous_4)
FNDA:0,(anonymous_5)
FNDA:0,(anonymous_6)
FNDA:0,(anonymous_7)
FNDA:0,(anonymous_8)
DA:9,0
DA:10,0
DA:14,0
DA:16,0
DA:17,0
DA:35,0
DA:38,0
DA:39,0
DA:40,0
DA:41,0
DA:44,0
DA:45,0
DA:46,0
DA:48,0
DA:54,0
DA:56,0
DA:57,0
DA:59,0
DA:65,0
DA:72,0
DA:76,0
DA:82,0
DA:83,0
DA:87,0
DA:88,0
DA:89,0
DA:91,0
DA:97,0
DA:98,0
DA:100,0
DA:106,0
DA:107,0
DA:111,0
DA:112,0
DA:113,0
DA:116,0
DA:118,0
DA:119,0
DA:123,0
DA:124,0
DA:125,0
DA:134,0
DA:216,0
LF:43
LH:0
BRDA:9,0,0,0
BRDA:9,1,0,0
BRDA:9,1,1,0
BRDA:16,2,0,0
BRDA:16,2,1,0
BRDA:39,3,0,0
BRDA:39,3,1,0
BRDA:46,4,0,0
BRDA:46,4,1,0
BRDA:54,5,0,0
BRDA:54,5,1,0
BRDA:57,6,0,0
BRDA:57,6,1,0
BRDA:89,7,0,0
BRDA:89,7,1,0
BRDA:124,8,0,0
BRDA:124,8,1,0
BRDA:143,9,0,0
BRDA:143,9,1,0
BRDA:143,10,0,0
BRDA:143,10,1,0
BRDA:145,11,0,0
BRDA:145,11,1,0
BRDA:147,12,0,0
BRDA:147,12,1,0
BRDA:149,13,0,0
BRDA:149,13,1,0
BRDA:150,14,0,0
BRDA:150,14,1,0
BRDA:163,15,0,0
BRDA:163,15,1,0
BRF:31
BRH:0
end_of_record
TN:
SF:src/components/ChatVisuals/DailyReportList.js
FN:7,DailyReportList
FN:13,(anonymous_1)
FN:23,(anonymous_2)
FN:57,(anonymous_3)
FN:61,(anonymous_4)
FN:95,(anonymous_5)
FN:131,(anonymous_6)
FNF:7
FNH:0
FNDA:0,DailyReportList
FNDA:0,(anonymous_1)
FNDA:0,(anonymous_2)
FNDA:0,(anonymous_3)
FNDA:0,(anonymous_4)
FNDA:0,(anonymous_5)
FNDA:0,(anonymous_6)
DA:8,0
DA:9,0
DA:11,0
DA:13,0
DA:14,0
DA:15,0
DA:23,0
DA:26,0
DA:27,0
DA:28,0
DA:35,0
DA:58,0
DA:61,0
DA:96,0
DA:132,0
DA:162,0
LF:16
LH:0
BRDA:8,0,0,0
BRDA:8,1,0,0
BRDA:8,1,1,0
BRDA:11,2,0,0
BRDA:14,3,0,0
BRDA:14,3,1,0
BRDA:26,4,0,0
BRDA:26,4,1,0
BRDA:40,5,0,0
BRDA:40,5,1,0
BRDA:41,6,0,0
BRDA:41,6,1,0
BRDA:46,7,0,0
BRDA:46,7,1,0
BRDA:51,8,0,0
BRDA:51,8,1,0
BRDA:59,9,0,0
BRDA:59,9,1,0
BRDA:72,10,0,0
BRDA:72,10,1,0
BRDA:87,11,0,0
BRDA:87,11,1,0
BRDA:94,12,0,0
BRDA:94,12,1,0
BRDA:94,12,2,0
BRDA:110,13,0,0
BRDA:110,13,1,0
BRDA:115,14,0,0
BRDA:115,14,1,0
BRDA:125,15,0,0
BRDA:125,15,1,0
BRDA:125,15,2,0
BRDA:138,16,0,0
BRDA:138,16,1,0
BRF:34
BRH:0
end_of_record
TN:
SF:src/components/ChatVisuals/EstimateList.js
FN:7,EstimateList
FN:13,(anonymous_1)
FN:32,(anonymous_2)
FN:51,(anonymous_3)
FN:57,(anonymous_4)
FN:122,(anonymous_5)
FN:126,(anonymous_6)
FNF:7
FNH:0
FNDA:0,EstimateList
FNDA:0,(anonymous_1)
FNDA:0,(anonymous_2)
FNDA:0,(anonymous_3)
FNDA:0,(anonymous_4)
FNDA:0,(anonymous_5)
FNDA:0,(anonymous_6)
DA:8,0
DA:9,0
DA:11,0
DA:13,0
DA:14,0
DA:16,0
DA:18,0
DA:20,0
DA:22,0
DA:24,0
DA:26,0
DA:28,0
DA:32,0
DA:33,0
DA:35,0
DA:37,0
DA:39,0
DA:41,0
DA:43,0
DA:45,0
DA:47,0
DA:51,0
DA:52,0
DA:53,0
DA:54,0
DA:57,0
DA:58,0
DA:59,0
DA:63,0
DA:123,0
DA:126,0
DA:192,0
LF:32
LH:0
BRDA:8,0,0,0
BRDA:8,1,0,0
BRDA:8,1,1,0
BRDA:11,2,0,0
BRDA:11,3,0,0
BRDA:14,4,0,0
BRDA:14,4,1,0
BRDA:14,4,2,0
BRDA:14,4,3,0
BRDA:14,4,4,0
BRDA:14,4,5,0
BRDA:14,4,6,0
BRDA:33,5,0,0
BRDA:33,5,1,0
BRDA:33,5,2,0
BRDA:33,5,3,0
BRDA:33,5,4,0
BRDA:33,5,5,0
BRDA:33,5,6,0
BRDA:52,6,0,0
BRDA:52,6,1,0
BRDA:58,7,0,0
BRDA:58,7,1,0
BRDA:70,8,0,0
BRDA:70,8,1,0
BRDA:78,9,0,0
BRDA:78,9,1,0
BRDA:82,10,0,0
BRDA:82,10,1,0
BRDA:89,11,0,0
BRDA:89,11,1,0
BRDA:93,12,0,0
BRDA:93,12,1,0
BRDA:114,13,0,0
BRDA:114,13,1,0
BRDA:124,14,0,0
BRDA:124,14,1,0
BRDA:133,15,0,0
BRDA:133,15,1,0
BRDA:133,15,2,0
BRDA:136,16,0,0
BRDA:136,16,1,0
BRDA:142,17,0,0
BRDA:142,17,1,0
BRDA:148,18,0,0
BRDA:148,18,1,0
BRDA:159,19,0,0
BRDA:159,19,1,0
BRDA:162,20,0,0
BRDA:162,20,1,0
BRDA:166,21,0,0
BRDA:166,21,1,0
BRDA:176,22,0,0
BRDA:176,22,1,0
BRF:54
BRH:0
end_of_record
TN:
SF:src/components/ChatVisuals/EstimatePreview.js
FN:11,EstimatePreview
FN:45,(anonymous_1)
FN:65,(anonymous_2)
FN:78,(anonymous_3)
FN:85,(anonymous_4)
FN:90,(anonymous_5)
FN:95,(anonymous_6)
FN:98,(anonymous_7)
FN:109,(anonymous_8)
FN:164,(anonymous_9)
FN:176,(anonymous_10)
FN:184,(anonymous_11)
FN:198,(anonymous_12)
FN:202,(anonymous_13)
FN:206,(anonymous_14)
FN:214,(anonymous_15)
FN:221,(anonymous_16)
FN:229,(anonymous_17)
FN:245,(anonymous_18)
FN:250,(anonymous_19)
FN:258,(anonymous_20)
FN:264,(anonymous_21)
FN:269,(anonymous_22)
FN:277,(anonymous_23)
FN:283,(anonymous_24)
FN:292,(anonymous_25)
FN:300,(anonymous_26)
FN:311,(anonymous_27)
FN:324,(anonymous_28)
FN:339,(anonymous_29)
FN:352,(anonymous_30)
FN:403,(anonymous_31)
FN:415,(anonymous_32)
FN:435,(anonymous_33)
FN:439,(anonymous_34)
FN:453,(anonymous_35)
FN:459,(anonymous_36)
FN:465,(anonymous_37)
FN:484,(anonymous_38)
FN:551,(anonymous_39)
FN:570,(anonymous_40)
FN:602,(anonymous_41)
FN:610,(anonymous_42)
FN:617,(anonymous_43)
FN:626,(anonymous_44)
FN:650,(anonymous_45)
FN:669,(anonymous_46)
FN:690,(anonymous_47)
FN:713,(anonymous_48)
FN:738,(anonymous_49)
FN:749,(anonymous_50)
FN:754,(anonymous_51)
FN:772,(anonymous_52)
FN:780,(anonymous_53)
FN:847,(anonymous_54)
FN:858,(anonymous_55)
FN:919,(anonymous_56)
FNF:57
FNH:0
FNDA:0,EstimatePreview
FNDA:0,(anonymous_1)
FNDA:0,(anonymous_2)
FNDA:0,(anonymous_3)
FNDA:0,(anonymous_4)
FNDA:0,(anonymous_5)
FNDA:0,(anonymous_6)
FNDA:0,(anonymous_7)
FNDA:0,(anonymous_8)
FNDA:0,(anonymous_9)
FNDA:0,(anonymous_10)
FNDA:0,(anonymous_11)
FNDA:0,(anonymous_12)
FNDA:0,(anonymous_13)
FNDA:0,(anonymous_14)
FNDA:0,(anonymous_15)
FNDA:0,(anonymous_16)
FNDA:0,(anonymous_17)
FNDA:0,(anonymous_18)
FNDA:0,(anonymous_19)
FNDA:0,(anonymous_20)
FNDA:0,(anonymous_21)
FNDA:0,(anonymous_22)
FNDA:0,(anonymous_23)
FNDA:0,(anonymous_24)
FNDA:0,(anonymous_25)
FNDA:0,(anonymous_26)
FNDA:0,(anonymous_27)
FNDA:0,(anonymous_28)
FNDA:0,(anonymous_29)
FNDA:0,(anonymous_30)
FNDA:0,(anonymous_31)
FNDA:0,(anonymous_32)
FNDA:0,(anonymous_33)
FNDA:0,(anonymous_34)
FNDA:0,(anonymous_35)
FNDA:0,(anonymous_36)
FNDA:0,(anonymous_37)
FNDA:0,(anonymous_38)
FNDA:0,(anonymous_39)
FNDA:0,(anonymous_40)
FNDA:0,(anonymous_41)
FNDA:0,(anonymous_42)
FNDA:0,(anonymous_43)
FNDA:0,(anonymous_44)
FNDA:0,(anonymous_45)
FNDA:0,(anonymous_46)
FNDA:0,(anonymous_47)
FNDA:0,(anonymous_48)
FNDA:0,(anonymous_49)
FNDA:0,(anonymous_50)
FNDA:0,(anonymous_51)
FNDA:0,(anonymous_52)
FNDA:0,(anonymous_53)
FNDA:0,(anonymous_54)
FNDA:0,(anonymous_55)
FNDA:0,(anonymous_56)
DA:12,0
DA:13,0
DA:14,0
DA:15,0
DA:16,0
DA:40,0
DA:43,0
DA:45,0
DA:46,0
DA:50,0
DA:51,0
DA:56,0
DA:59,0
DA:62,0
DA:65,0
DA:66,0
DA:67,0
DA:68,0
DA:69,0
DA:70,0
DA:72,0
DA:75,0
DA:78,0
DA:79,0
DA:80,0
DA:81,0
DA:85,0
DA:86,0
DA:87,0
DA:90,0
DA:91,0
DA:92,0
DA:95,0
DA:97,0
DA:98,0
DA:101,0
DA:102,0
DA:103,0
DA:106,0
DA:107,0
DA:108,0
DA:109,0
DA:115,0
DA:117,0
DA:129,0
DA:130,0
DA:131,0
DA:132,0
DA:133,0
DA:136,0
DA:137,0
DA:138,0
DA:140,0
DA:151,0
DA:155,0
DA:158,0
DA:159,0
DA:161,0
DA:164,0
DA:165,0
DA:166,0
DA:169,0
DA:170,0
DA:171,0
DA:172,0
DA:176,0
DA:178,0
DA:179,0
DA:180,0
DA:181,0
DA:184,0
DA:185,0
DA:186,0
DA:194,0
DA:195,0
DA:198,0
DA:199,0
DA:200,0
DA:202,0
DA:203,0
DA:206,0
DA:208,0
DA:209,0
DA:210,0
DA:211,0
DA:214,0
DA:215,0
DA:216,0
DA:217,0
DA:221,0
DA:222,0
DA:223,0
DA:224,0
DA:225,0
DA:226,0
DA:229,0
DA:230,0
DA:231,0
DA:232,0
DA:238,0
DA:242,0
DA:245,0
DA:246,0
DA:247,0
DA:248,0
DA:250,0
DA:251,0
DA:253,0
DA:254,0
DA:258,0
DA:259,0
DA:260,0
DA:264,0
DA:265,0
DA:269,0
DA:270,0
DA:271,0
DA:272,0
DA:273,0
DA:274,0
DA:277,0
DA:278,0
DA:279,0
DA:283,0
DA:284,0
DA:285,0
DA:286,0
DA:287,0
DA:292,0
DA:293,0
DA:294,0
DA:295,0
DA:296,0
DA:300,0
DA:301,0
DA:311,0
DA:312,0
DA:313,0
DA:314,0
DA:316,0
DA:317,0
DA:318,0
DA:319,0
DA:321,0
DA:323,0
DA:324,0
DA:325,0
DA:326,0
DA:327,0
DA:328,0
DA:329,0
DA:332,0
DA:333,0
DA:335,0
DA:339,0
DA:340,0
DA:341,0
DA:342,0
DA:345,0
DA:346,0
DA:347,0
DA:348,0
DA:351,0
DA:352,0
DA:353,0
DA:354,0
DA:356,0
DA:357,0
DA:358,0
DA:359,0
DA:360,0
DA:362,0
DA:363,0
DA:365,0
DA:366,0
DA:371,0
DA:398,0
DA:399,0
DA:403,0
DA:404,0
DA:406,0
DA:408,0
DA:410,0
DA:416,0
DA:418,0
DA:419,0
DA:421,0
DA:422,0
DA:428,0
DA:435,0
DA:440,0
DA:441,0
DA:448,0
DA:449,0
DA:453,0
DA:454,0
DA:455,0
DA:459,0
DA:460,0
DA:461,0
DA:465,0
DA:466,0
DA:468,0
DA:470,0
DA:472,0
DA:474,0
DA:476,0
DA:478,0
DA:480,0
DA:484,0
DA:485,0
DA:487,0
DA:489,0
DA:491,0
DA:493,0
DA:495,0
DA:497,0
DA:499,0
DA:503,0
DA:551,0
DA:570,0
DA:602,0
DA:610,0
DA:617,0
DA:626,0
DA:650,0
DA:669,0
DA:690,0
DA:714,0
DA:739,0
DA:749,0
DA:754,0
DA:772,0
DA:780,0
DA:847,0
DA:858,0
DA:920,0
DA:921,0
DA:969,0
LF:239
LH:0
BRDA:12,0,0,0
BRDA:12,1,0,0
BRDA:12,1,1,0
BRDA:31,2,0,0
BRDA:32,3,0,0
BRDA:33,4,0,0
BRDA:34,5,0,0
BRDA:35,6,0,0
BRDA:36,7,0,0
BRDA:40,8,0,0
BRDA:40,8,1,0
BRDA:50,9,0,0
BRDA:50,9,1,0
BRDA:50,10,0,0
BRDA:50,10,1,0
BRDA:51,11,0,0
BRDA:51,11,1,0
BRDA:51,12,0,0
BRDA:51,12,1,0
BRDA:52,13,0,0
BRDA:52,13,1,0
BRDA:52,14,0,0
BRDA:52,14,1,0
BRDA:56,15,0,0
BRDA:56,15,1,0
BRDA:56,15,2,0
BRDA:56,16,0,0
BRDA:56,16,1,0
BRDA:59,17,0,0
BRDA:59,17,1,0
BRDA:59,17,2,0
BRDA:59,17,3,0
BRDA:62,18,0,0
BRDA:62,18,1,0
BRDA:62,18,2,0
BRDA:67,19,0,0
BRDA:67,19,1,0
BRDA:68,20,0,0
BRDA:68,20,1,0
BRDA:68,21,0,0
BRDA:68,21,1,0
BRDA:68,21,2,0
BRDA:70,22,0,0
BRDA:70,22,1,0
BRDA:72,23,0,0
BRDA:72,23,1,0
BRDA:79,24,0,0
BRDA:79,24,1,0
BRDA:97,25,0,0
BRDA:97,25,1,0
BRDA:98,26,0,0
BRDA:98,26,1,0
BRDA:101,27,0,0
BRDA:101,27,1,0
BRDA:101,28,0,0
BRDA:101,28,1,0
BRDA:102,29,0,0
BRDA:102,29,1,0
BRDA:106,30,0,0
BRDA:106,30,1,0
BRDA:107,31,0,0
BRDA:107,31,1,0
BRDA:107,31,2,0
BRDA:111,32,0,0
BRDA:111,32,1,0
BRDA:115,33,0,0
BRDA:115,33,1,0
BRDA:130,34,0,0
BRDA:130,34,1,0
BRDA:136,35,0,0
BRDA:136,35,1,0
BRDA:136,36,0,0
BRDA:136,36,1,0
BRDA:137,37,0,0
BRDA:137,37,1,0
BRDA:137,38,0,0
BRDA:137,38,1,0
BRDA:138,39,0,0
BRDA:138,39,1,0
BRDA:138,40,0,0
BRDA:138,40,1,0
BRDA:143,41,0,0
BRDA:143,41,1,0
BRDA:148,42,0,0
BRDA:148,42,1,0
BRDA:158,43,0,0
BRDA:158,43,1,0
BRDA:165,44,0,0
BRDA:165,44,1,0
BRDA:169,45,0,0
BRDA:169,45,1,0
BRDA:169,46,0,0
BRDA:169,46,1,0
BRDA:170,47,0,0
BRDA:170,47,1,0
BRDA:171,48,0,0
BRDA:171,48,1,0
BRDA:176,49,0,0
BRDA:176,49,1,0
BRDA:178,50,0,0
BRDA:178,50,1,0
BRDA:178,51,0,0
BRDA:178,51,1,0
BRDA:179,52,0,0
BRDA:179,52,1,0
BRDA:185,53,0,0
BRDA:185,53,1,0
BRDA:199,54,0,0
BRDA:199,54,1,0
BRDA:206,55,0,0
BRDA:206,55,1,0
BRDA:208,56,0,0
BRDA:208,56,1,0
BRDA:208,57,0,0
BRDA:208,57,1,0
BRDA:209,58,0,0
BRDA:209,58,1,0
BRDA:215,59,0,0
BRDA:215,59,1,0
BRDA:222,60,0,0
BRDA:222,60,1,0
BRDA:230,61,0,0
BRDA:230,61,1,0
BRDA:234,62,0,0
BRDA:234,62,1,0
BRDA:240,63,0,0
BRDA:240,63,1,0
BRDA:246,64,0,0
BRDA:246,64,1,0
BRDA:259,65,0,0
BRDA:259,65,1,0
BRDA:270,66,0,0
BRDA:270,66,1,0
BRDA:271,67,0,0
BRDA:271,67,1,0
BRDA:278,68,0,0
BRDA:278,68,1,0
BRDA:285,69,0,0
BRDA:285,69,1,0
BRDA:293,70,0,0
BRDA:293,70,1,0
BRDA:293,71,0,0
BRDA:293,71,1,0
BRDA:294,72,0,0
BRDA:294,72,1,0
BRDA:296,73,0,0
BRDA:296,73,1,0
BRDA:304,74,0,0
BRDA:304,74,1,0
BRDA:304,74,2,0
BRDA:312,75,0,0
BRDA:312,75,1,0
BRDA:313,76,0,0
BRDA:313,76,1,0
BRDA:318,77,0,0
BRDA:318,77,1,0
BRDA:325,78,0,0
BRDA:325,78,1,0
BRDA:327,79,0,0
BRDA:327,79,1,0
BRDA:327,80,0,0
BRDA:327,80,1,0
BRDA:328,81,0,0
BRDA:328,81,1,0
BRDA:328,82,0,0
BRDA:328,82,1,0
BRDA:329,83,0,0
BRDA:329,83,1,0
BRDA:329,84,0,0
BRDA:329,84,1,0
BRDA:329,85,0,0
BRDA:329,85,1,0
BRDA:329,86,0,0
BRDA:329,86,1,0
BRDA:332,87,0,0
BRDA:332,87,1,0
BRDA:332,88,0,0
BRDA:332,88,1,0
BRDA:342,89,0,0
BRDA:342,89,1,0
BRDA:345,90,0,0
BRDA:345,90,1,0
BRDA:351,91,0,0
BRDA:351,91,1,0
BRDA:351,92,0,0
BRDA:351,92,1,0
BRDA:353,93,0,0
BRDA:353,93,1,0
BRDA:358,94,0,0
BRDA:358,94,1,0
BRDA:362,95,0,0
BRDA:362,95,1,0
BRDA:365,96,0,0
BRDA:365,96,1,0
BRDA:374,97,0,0
BRDA:374,97,1,0
BRDA:374,97,2,0
BRDA:379,98,0,0
BRDA:379,98,1,0
BRDA:380,99,0,0
BRDA:380,99,1,0
BRDA:381,100,0,0
BRDA:381,100,1,0
BRDA:381,100,2,0
BRDA:384,101,0,0
BRDA:384,101,1,0
BRDA:384,101,2,0
BRDA:384,102,0,0
BRDA:384,102,1,0
BRDA:385,103,0,0
BRDA:385,103,1,0
BRDA:386,104,0,0
BRDA:386,104,1,0
BRDA:387,105,0,0
BRDA:387,105,1,0
BRDA:388,106,0,0
BRDA:388,106,1,0
BRDA:388,106,2,0
BRDA:388,106,3,0
BRDA:388,107,0,0
BRDA:388,107,1,0
BRDA:389,108,0,0
BRDA:389,108,1,0
BRDA:389,108,2,0
BRDA:389,109,0,0
BRDA:389,109,1,0
BRDA:391,110,0,0
BRDA:391,110,1,0
BRDA:392,111,0,0
BRDA:392,111,1,0
BRDA:392,111,2,0
BRDA:392,111,3,0
BRDA:392,111,4,0
BRDA:392,112,0,0
BRDA:392,112,1,0
BRDA:393,113,0,0
BRDA:393,113,1,0
BRDA:393,113,2,0
BRDA:394,114,0,0
BRDA:394,114,1,0
BRDA:394,114,2,0
BRDA:395,115,0,0
BRDA:395,115,1,0
BRDA:395,115,2,0
BRDA:408,116,0,0
BRDA:408,116,1,0
BRDA:416,117,0,0
BRDA:416,117,1,0
BRDA:419,118,0,0
BRDA:419,118,1,0
BRDA:421,119,0,0
BRDA:421,119,1,0
BRDA:440,120,0,0
BRDA:440,120,1,0
BRDA:454,121,0,0
BRDA:454,121,1,0
BRDA:460,122,0,0
BRDA:460,122,1,0
BRDA:466,123,0,0
BRDA:466,123,1,0
BRDA:466,123,2,0
BRDA:466,123,3,0
BRDA:466,123,4,0
BRDA:466,123,5,0
BRDA:466,123,6,0
BRDA:485,124,0,0
BRDA:485,124,1,0
BRDA:485,124,2,0
BRDA:485,124,3,0
BRDA:485,124,4,0
BRDA:485,124,5,0
BRDA:485,124,6,0
BRDA:511,125,0,0
BRDA:511,125,1,0
BRDA:516,126,0,0
BRDA:516,126,1,0
BRDA:523,127,0,0
BRDA:523,127,1,0
BRDA:523,127,2,0
BRDA:532,128,0,0
BRDA:532,128,1,0
BRDA:547,129,0,0
BRDA:547,129,1,0
BRDA:550,130,0,0
BRDA:550,130,1,0
BRDA:559,131,0,0
BRDA:559,131,1,0
BRDA:567,132,0,0
BRDA:567,132,1,0
BRDA:573,133,0,0
BRDA:573,133,1,0
BRDA:583,134,0,0
BRDA:583,134,1,0
BRDA:587,135,0,0
BRDA:587,135,1,0
BRDA:593,136,0,0
BRDA:593,136,1,0
BRDA:593,136,2,0
BRDA:597,137,0,0
BRDA:597,137,1,0
BRDA:601,138,0,0
BRDA:601,138,1,0
BRDA:601,138,2,0
BRDA:609,139,0,0
BRDA:609,139,1,0
BRDA:609,139,2,0
BRDA:616,140,0,0
BRDA:616,140,1,0
BRDA:616,140,2,0
BRDA:625,141,0,0
BRDA:625,141,1,0
BRDA:625,141,2,0
BRDA:643,142,0,0
BRDA:643,142,1,0
BRDA:643,142,2,0
BRDA:646,143,0,0
BRDA:646,143,1,0
BRDA:649,144,0,0
BRDA:649,144,1,0
BRDA:649,144,2,0
BRDA:662,145,0,0
BRDA:662,145,1,0
BRDA:662,145,2,0
BRDA:665,146,0,0
BRDA:665,146,1,0
BRDA:668,147,0,0
BRDA:668,147,1,0
BRDA:668,147,2,0
BRDA:683,148,0,0
BRDA:683,148,1,0
BRDA:683,148,2,0
BRDA:686,149,0,0
BRDA:686,149,1,0
BRDA:699,150,0,0
BRDA:699,150,1,0
BRDA:710,151,0,0
BRDA:710,151,1,0
BRDA:710,151,2,0
BRDA:728,152,0,0
BRDA:728,152,1,0
BRDA:742,153,0,0
BRDA:742,153,1,0
BRDA:744,154,0,0
BRDA:744,154,1,0
BRDA:748,155,0,0
BRDA:748,155,1,0
BRDA:762,156,0,0
BRDA:762,156,1,0
BRDA:767,157,0,0
BRDA:767,157,1,0
BRDA:787,158,0,0
BRDA:787,158,1,0
BRDA:787,159,0,0
BRDA:787,159,1,0
BRDA:787,160,0,0
BRDA:787,160,1,0
BRDA:791,161,0,0
BRDA:791,161,1,0
BRDA:799,162,0,0
BRDA:799,162,1,0
BRDA:804,163,0,0
BRDA:804,163,1,0
BRDA:804,164,0,0
BRDA:804,164,1,0
BRDA:812,165,0,0
BRDA:812,165,1,0
BRDA:812,166,0,0
BRDA:812,166,1,0
BRDA:818,167,0,0
BRDA:818,167,1,0
BRDA:818,168,0,0
BRDA:818,168,1,0
BRDA:826,169,0,0
BRDA:826,169,1,0
BRDA:826,170,0,0
BRDA:826,170,1,0
BRDA:832,171,0,0
BRDA:832,171,1,0
BRDA:832,171,2,0
BRDA:832,171,3,0
BRDA:832,171,4,0
BRDA:840,172,0,0
BRDA:840,172,1,0
BRDA:846,173,0,0
BRDA:846,173,1,0
BRDA:846,173,2,0
BRDA:847,174,0,0
BRDA:847,174,1,0
BRDA:857,175,0,0
BRDA:857,175,1,0
BRDA:857,175,2,0
BRDA:858,176,0,0
BRDA:858,176,1,0
BRDA:868,177,0,0
BRDA:868,177,1,0
BRDA:868,178,0,0
BRDA:868,178,1,0
BRDA:876,179,0,0
BRDA:876,179,1,0
BRDA:888,180,0,0
BRDA:888,180,1,0
BRDA:907,181,0,0
BRDA:907,181,1,0
BRDA:915,182,0,0
BRDA:915,182,1,0
BRDA:920,183,0,0
BRDA:920,183,1,0
BRDA:950,184,0,0
BRDA:950,184,1,0
BRDA:950,184,2,0
BRDA:950,184,3,0
BRDA:960,185,0,0
BRDA:960,185,1,0
BRF:413
BRH:0
end_of_record
TN:
SF:src/components/ChatVisuals/ExpenseCard.js
FN:7,ExpenseCard
FN:17,(anonymous_1)
FN:33,(anonymous_2)
FNF:3
FNH:0
FNDA:0,ExpenseCard
FNDA:0,(anonymous_1)
FNDA:0,(anonymous_2)
DA:8,0
DA:9,0
DA:15,0
DA:17,0
DA:18,0
DA:21,0
DA:34,0
DA:139,0
LF:8
LH:0
BRDA:8,0,0,0
BRDA:8,1,0,0
BRDA:8,1,1,0
BRDA:12,2,0,0
BRDA:13,3,0,0
BRDA:14,4,0,0
BRDA:55,5,0,0
BRDA:55,5,1,0
BRDA:55,6,0,0
BRDA:55,6,1,0
BRDA:62,7,0,0
BRDA:62,7,1,0
BRDA:62,7,2,0
BRDA:74,8,0,0
BRDA:74,8,1,0
BRDA:74,8,2,0
BRDA:86,9,0,0
BRDA:86,9,1,0
BRDA:86,9,2,0
BRDA:110,10,0,0
BRDA:110,10,1,0
BRDA:116,11,0,0
BRDA:116,11,1,0
BRF:23
BRH:0
end_of_record
TN:
SF:src/components/ChatVisuals/InvoiceList.js
FN:7,InvoiceList
FN:13,(anonymous_1)
FN:30,(anonymous_2)
FN:47,(anonymous_3)
FN:53,(anonymous_4)
FN:57,(anonymous_5)
FN:122,(anonymous_6)
FN:126,(anonymous_7)
FNF:8
FNH:0
FNDA:0,InvoiceList
FNDA:0,(anonymous_1)
FNDA:0,(anonymous_2)
FNDA:0,(anonymous_3)
FNDA:0,(anonymous_4)
FNDA:0,(anonymous_5)
FNDA:0,(anonymous_6)
FNDA:0,(anonymous_7)
DA:8,0
DA:9,0
DA:11,0
DA:13,0
DA:14,0
DA:16,0
DA:18,0
DA:20,0
DA:22,0
DA:24,0
DA:26,0
DA:30,0
DA:31,0
DA:33,0
DA:35,0
DA:37,0
DA:39,0
DA:41,0
DA:43,0
DA:47,0
DA:48,0
DA:49,0
DA:50,0
DA:53,0
DA:54,0
DA:57,0
DA:58,0
DA:59,0
DA:63,0
DA:123,0
DA:126,0
DA:202,0
LF:32
LH:0
BRDA:8,0,0,0
BRDA:8,1,0,0
BRDA:8,1,1,0
BRDA:11,2,0,0
BRDA:11,3,0,0
BRDA:14,4,0,0
BRDA:14,4,1,0
BRDA:14,4,2,0
BRDA:14,4,3,0
BRDA:14,4,4,0
BRDA:14,4,5,0
BRDA:31,5,0,0
BRDA:31,5,1,0
BRDA:31,5,2,0
BRDA:31,5,3,0
BRDA:31,5,4,0
BRDA:31,5,5,0
BRDA:48,6,0,0
BRDA:48,6,1,0
BRDA:54,7,0,0
BRDA:54,7,1,0
BRDA:58,8,0,0
BRDA:58,8,1,0
BRDA:70,9,0,0
BRDA:70,9,1,0
BRDA:78,10,0,0
BRDA:78,10,1,0
BRDA:82,11,0,0
BRDA:82,11,1,0
BRDA:89,12,0,0
BRDA:89,12,1,0
BRDA:93,13,0,0
BRDA:93,13,1,0
BRDA:114,14,0,0
BRDA:114,14,1,0
BRDA:124,15,0,0
BRDA:124,15,1,0
BRDA:133,16,0,0
BRDA:133,16,1,0
BRDA:133,16,2,0
BRDA:136,17,0,0
BRDA:136,17,1,0
BRDA:142,18,0,0
BRDA:142,18,1,0
BRDA:148,19,0,0
BRDA:148,19,1,0
BRDA:159,20,0,0
BRDA:159,20,1,0
BRDA:162,21,0,0
BRDA:162,21,1,0
BRDA:166,22,0,0
BRDA:166,22,1,0
BRDA:180,23,0,0
BRDA:180,23,1,0
BRDA:180,23,2,0
BRDA:184,24,0,0
BRDA:184,24,1,0
BRF:57
BRH:0
end_of_record
TN:
SF:src/components/ChatVisuals/InvoicePreview.js
FN:7,InvoicePreview
FN:41,(anonymous_1)
FN:58,(anonymous_2)
FN:74,(anonymous_3)
FN:80,(anonymous_4)
FN:86,(anonymous_5)
FN:145,(anonymous_6)
FNF:7
FNH:0
FNDA:0,InvoicePreview
FNDA:0,(anonymous_1)
FNDA:0,(anonymous_2)
FNDA:0,(anonymous_3)
FNDA:0,(anonymous_4)
FNDA:0,(anonymous_5)
FNDA:0,(anonymous_6)
DA:8,0
DA:9,0
DA:32,0
DA:35,0
DA:38,0
DA:39,0
DA:41,0
DA:42,0
DA:44,0
DA:46,0
DA:48,0
DA:50,0
DA:52,0
DA:54,0
DA:58,0
DA:59,0
DA:61,0
DA:63,0
DA:66,0
DA:68,0
DA:70,0
DA:74,0
DA:75,0
DA:76,0
DA:77,0
DA:80,0
DA:81,0
DA:82,0
DA:86,0
DA:87,0
DA:88,0
DA:92,0
DA:146,0
DA:268,0
LF:34
LH:0
BRDA:8,0,0,0
BRDA:8,1,0,0
BRDA:8,1,1,0
BRDA:17,2,0,0
BRDA:18,3,0,0
BRDA:19,4,0,0
BRDA:20,5,0,0
BRDA:22,6,0,0
BRDA:30,7,0,0
BRDA:35,8,0,0
BRDA:35,8,1,0
BRDA:38,9,0,0
BRDA:38,9,1,0
BRDA:38,9,2,0
BRDA:38,9,3,0
BRDA:39,10,0,0
BRDA:39,10,1,0
BRDA:42,11,0,0
BRDA:42,11,1,0
BRDA:42,11,2,0
BRDA:42,11,3,0
BRDA:42,11,4,0
BRDA:42,11,5,0
BRDA:59,12,0,0
BRDA:59,12,1,0
BRDA:59,12,2,0
BRDA:59,12,3,0
BRDA:59,12,4,0
BRDA:59,12,5,0
BRDA:75,13,0,0
BRDA:75,13,1,0
BRDA:81,14,0,0
BRDA:81,14,1,0
BRDA:87,15,0,0
BRDA:87,15,1,0
BRDA:97,16,0,0
BRDA:97,16,1,0
BRDA:105,17,0,0
[...]
BRDA:2727,389,1,0
BRDA:2743,390,0,0
BRDA:2743,391,0,0
BRDA:2774,392,0,0
BRDA:2774,392,1,0
BRDA:2776,393,0,0
BRDA:2776,393,1,0
BRDA:2777,394,0,0
BRDA:2777,394,1,0
BRDA:2778,395,0,0
BRDA:2778,395,1,0
BRDA:2784,396,0,0
BRDA:2784,396,1,0
BRDA:2786,397,0,0
BRDA:2786,397,1,0
BRDA:2813,398,0,0
BRDA:2813,399,0,0
BRDA:2813,400,0,0
BRDA:2816,401,0,0
BRDA:2816,401,1,0
BRDA:2824,402,0,0
BRDA:2824,402,1,0
BRDA:2826,403,0,0
BRDA:2826,403,1,0
BRDA:2827,404,0,0
BRDA:2827,404,1,0
BRDA:2828,405,0,0
BRDA:2828,405,1,0
BRDA:2829,406,0,0
BRDA:2829,406,1,0
BRDA:2830,407,0,0
BRDA:2830,407,1,0
BRDA:2831,408,0,0
BRDA:2831,408,1,0
BRDA:2835,409,0,0
BRDA:2835,409,1,0
BRDA:2849,410,0,0
BRDA:2849,410,1,0
BRDA:2853,411,0,0
BRDA:2853,411,1,0
BRDA:2853,412,0,0
BRDA:2853,412,1,0
BRDA:2856,413,0,0
BRDA:2856,413,1,0
BRDA:2860,414,0,0
BRDA:2860,414,1,0
BRDA:2861,415,0,0
BRDA:2861,415,1,0
BRDA:2862,416,0,0
BRDA:2862,416,1,0
BRDA:2903,417,0,0
BRDA:2903,417,1,0
BRDA:2917,418,0,0
BRDA:2920,419,0,0
BRDA:2920,419,1,0
BRDA:2934,420,0,0
BRDA:2934,420,1,0
BRDA:2938,421,0,0
BRDA:2938,421,1,0
BRDA:2942,422,0,0
BRDA:2942,422,1,0
BRDA:2946,423,0,0
BRDA:2946,423,1,0
BRDA:2950,424,0,0
BRDA:2950,424,1,0
BRDA:2956,425,0,0
BRDA:2956,425,1,0
BRDA:2957,426,0,0
BRDA:2957,426,1,0
BRDA:2983,427,0,0
BRDA:2983,427,1,0
BRDA:2991,428,0,0
BRDA:2991,428,1,0
BRDA:2991,429,0,0
BRDA:2991,429,1,0
BRDA:2993,430,0,0
BRDA:2993,430,1,0
BRDA:2994,431,0,0
BRDA:2994,431,1,0
BRDA:2996,432,0,0
BRDA:2996,432,1,0
BRDA:3035,433,0,0
BRDA:3035,433,1,0
BRDA:3036,434,0,0
BRDA:3036,434,1,0
BRDA:3062,435,0,0
BRDA:3065,436,0,0
BRDA:3065,436,1,0
BRDA:3088,437,0,0
BRDA:3088,437,1,0
BRDA:3093,438,0,0
BRDA:3093,438,1,0
BRDA:3098,439,0,0
BRDA:3098,439,1,0
BRDA:3103,440,0,0
BRDA:3103,440,1,0
BRDA:3106,441,0,0
BRDA:3106,441,1,0
BRDA:3114,442,0,0
BRDA:3114,442,1,0
BRDA:3117,443,0,0
BRDA:3117,443,1,0
BRDA:3120,444,0,0
BRDA:3120,444,1,0
BRDA:3128,445,0,0
BRDA:3128,445,1,0
BRDA:3136,446,0,0
BRDA:3136,446,1,0
BRDA:3141,447,0,0
BRDA:3141,447,1,0
BRDA:3146,448,0,0
BRDA:3146,448,1,0
BRDA:3148,449,0,0
BRDA:3148,449,1,0
BRDA:3149,450,0,0
BRDA:3149,450,1,0
BRDA:3152,451,0,0
BRDA:3152,451,1,0
BRDA:3156,452,0,0
BRDA:3156,452,1,0
BRDA:3165,453,0,0
BRDA:3165,453,1,0
BRDA:3168,454,0,0
BRDA:3168,454,1,0
BRDA:3168,455,0,0
BRDA:3168,455,1,0
BRDA:3171,456,0,0
BRDA:3171,456,1,0
BRDA:3178,457,0,0
BRDA:3178,457,1,0
BRDA:3181,458,0,0
BRDA:3181,458,1,0
BRDA:3183,459,0,0
BRDA:3183,459,1,0
BRDA:3183,460,0,0
BRDA:3183,460,1,0
BRDA:3185,461,0,0
BRDA:3185,461,1,0
BRDA:3187,462,0,0
BRDA:3187,462,1,0
BRDA:3187,463,0,0
BRDA:3187,463,1,0
BRDA:3191,464,0,0
BRDA:3191,464,1,0
BRDA:3206,465,0,0
BRDA:3209,466,0,0
BRDA:3209,466,1,0
BRDA:3223,467,0,0
BRDA:3223,467,1,0
BRDA:3226,468,0,0
BRDA:3226,468,1,0
BRDA:3229,469,0,0
BRDA:3229,469,1,0
BRDA:3232,470,0,0
BRDA:3232,470,1,0
BRDA:3235,471,0,0
BRDA:3235,471,1,0
BRDA:3241,472,0,0
BRDA:3241,472,1,0
BRDA:3246,473,0,0
BRDA:3246,473,1,0
BRDA:3249,474,0,0
BRDA:3249,474,1,0
BRDA:3251,475,0,0
BRDA:3251,475,1,0
BRDA:3258,476,0,0
BRDA:3258,476,1,0
BRDA:3265,477,0,0
BRDA:3265,477,1,0
BRDA:3270,478,0,0
BRDA:3270,478,1,0
BRDA:3275,479,0,0
BRDA:3275,479,1,0
BRDA:3277,480,0,0
BRDA:3277,480,1,0
BRDA:3278,481,0,0
BRDA:3278,481,1,0
BRDA:3281,482,0,0
BRDA:3281,482,1,0
BRDA:3285,483,0,0
BRDA:3285,483,1,0
BRDA:3297,484,0,0
BRDA:3297,484,1,0
BRDA:3301,485,0,0
BRDA:3301,485,1,0
BRDA:3302,486,0,0
BRDA:3302,486,1,0
BRDA:3304,487,0,0
BRDA:3304,487,1,0
BRDA:3304,488,0,0
BRDA:3304,488,1,0
BRDA:3307,489,0,0
BRDA:3307,489,1,0
BRDA:3308,490,0,0
BRDA:3308,490,1,0
BRDA:3310,491,0,0
BRDA:3310,491,1,0
BRDA:3311,492,0,0
BRDA:3311,492,1,0
BRDA:3312,493,0,0
BRDA:3312,493,1,0
BRDA:3313,494,0,0
BRDA:3313,494,1,0
BRDA:3333,495,0,0
BRDA:3343,496,0,0
BRDA:3343,496,1,0
BRDA:3364,497,0,0
BRDA:3364,497,1,0
BRDA:3380,498,0,0
BRDA:3380,498,1,0
BRDA:3406,499,0,0
BRDA:3406,499,1,0
BRDA:3415,500,0,0
BRDA:3415,500,1,0
BRDA:3419,501,0,0
BRDA:3419,501,1,0
BRDA:3419,501,2,0
BRDA:3420,502,0,0
BRDA:3420,502,1,0
BRDA:3420,502,2,0
BRDA:3421,503,0,0
BRDA:3421,503,1,0
BRDA:3421,503,2,0
BRDA:3422,504,0,0
BRDA:3422,504,1,0
BRDA:3422,504,2,0
BRDA:3423,505,0,0
BRDA:3423,505,1,0
BRDA:3423,505,2,0
BRDA:3424,506,0,0
BRDA:3424,506,1,0
BRDA:3430,507,0,0
BRDA:3430,507,1,0
BRDA:3453,508,0,0
BRDA:3453,508,1,0
BRDA:3457,509,0,0
BRDA:3457,509,1,0
BRDA:3458,510,0,0
BRDA:3458,510,1,0
BRDA:3459,511,0,0
BRDA:3459,511,1,0
BRDA:3460,512,0,0
BRDA:3460,512,1,0
BRDA:3461,513,0,0
BRDA:3461,513,1,0
BRDA:3466,514,0,0
BRDA:3466,514,1,0
BRDA:3485,515,0,0
BRDA:3485,515,1,0
BRDA:3493,516,0,0
BRDA:3493,516,1,0
BRDA:3498,517,0,0
BRDA:3498,517,1,0
BRDA:3513,518,0,0
BRDA:3513,518,1,0
BRDA:3521,519,0,0
BRDA:3521,519,1,0
BRDA:3521,520,0,0
BRDA:3521,520,1,0
BRDA:3521,520,2,0
BRDA:3526,521,0,0
BRDA:3526,521,1,0
BRDA:3529,522,0,0
BRDA:3529,522,1,0
BRDA:3530,523,0,0
BRDA:3530,523,1,0
BRDA:3531,524,0,0
BRDA:3531,524,1,0
BRDA:3558,525,0,0
BRDA:3558,525,1,0
BRDA:3582,526,0,0
BRDA:3582,526,1,0
BRDA:3613,527,0,0
BRDA:3613,527,1,0
BRDA:3632,528,0,0
BRDA:3642,529,0,0
BRDA:3642,529,1,0
BRDA:3645,530,0,0
BRDA:3645,530,1,0
BRDA:3671,531,0,0
BRDA:3671,531,1,0
BRDA:3697,532,0,0
BRDA:3697,532,1,0
BRDA:3732,533,0,0
BRDA:3732,533,1,0
BRDA:3737,534,0,0
BRDA:3737,534,1,0
BRDA:3755,535,0,0
BRDA:3755,535,1,0
BRDA:3764,536,0,0
BRDA:3764,536,1,0
BRDA:3797,537,0,0
BRDA:3797,537,1,0
BRDA:3799,538,0,0
BRDA:3799,538,1,0
BRDA:3806,539,0,0
BRDA:3806,539,1,0
BRDA:3843,540,0,0
BRDA:3843,540,1,0
BRDA:3870,541,0,0
BRDA:3870,541,1,0
BRDA:3872,542,0,0
BRDA:3872,542,1,0
BRDA:3872,543,0,0
BRDA:3872,543,1,0
BRDA:3882,544,0,0
BRDA:3882,544,1,0
BRDA:3883,545,0,0
BRDA:3883,545,1,0
BRDA:3906,546,0,0
BRDA:3920,547,0,0
BRDA:3920,547,1,0
BRDA:3938,548,0,0
BRDA:3964,549,0,0
BRDA:3964,549,1,0
BRDA:3964,550,0,0
BRDA:3964,550,1,0
BRDA:3978,551,0,0
BRDA:3978,551,1,0
BRDA:3993,552,0,0
BRDA:3993,552,1,0
BRDA:3993,552,2,0
BRDA:3993,552,3,0
BRDA:3993,552,4,0
BRDA:3995,553,0,0
BRDA:3995,553,1,0
BRDA:4001,554,0,0
BRDA:4001,554,1,0
BRDA:4002,555,0,0
BRDA:4002,555,1,0
BRDA:4005,556,0,0
BRDA:4005,556,1,0
BRDA:4022,557,0,0
BRDA:4022,557,1,0
BRDA:4038,558,0,0
BRDA:4038,558,1,0
BRDA:4074,559,0,0
BRDA:4074,559,1,0
BRDA:4075,560,0,0
BRDA:4075,560,1,0
BRDA:4127,561,0,0
BRDA:4127,561,1,0
BRDA:4132,562,0,0
BRDA:4132,562,1,0
BRDA:4168,563,0,0
BRDA:4168,563,1,0
BRDA:4173,564,0,0
BRDA:4173,564,1,0
BRDA:4186,565,0,0
BRDA:4201,566,0,0
BRDA:4201,566,1,0
BRDA:4202,567,0,0
BRDA:4202,567,1,0
BRDA:4205,568,0,0
BRDA:4205,568,1,0
BRDA:4212,569,0,0
BRDA:4212,569,1,0
BRDA:4218,570,0,0
BRDA:4218,570,1,0
BRDA:4220,571,0,0
BRDA:4220,571,1,0
BRDA:4220,572,0,0
BRDA:4220,572,1,0
BRDA:4226,573,0,0
BRDA:4226,573,1,0
BRDA:4226,574,0,0
BRDA:4226,574,1,0
BRDA:4260,575,0,0
BRDA:4260,575,1,0
BRDA:4266,576,0,0
BRDA:4266,576,1,0
BRDA:4271,577,0,0
BRDA:4271,577,1,0
BRDA:4271,578,0,0
BRDA:4271,578,1,0
BRDA:4313,579,0,0
BRDA:4313,579,1,0
BRDA:4321,580,0,0
BRDA:4321,580,1,0
BRDA:4337,581,0,0
BRDA:4337,581,1,0
BRDA:4342,582,0,0
BRDA:4342,582,1,0
BRDA:4355,583,0,0
BRDA:4355,583,1,0
BRDA:4355,584,0,0
BRDA:4355,584,1,0
BRDA:4366,585,0,0
BRDA:4366,585,1,0
BRDA:4376,586,0,0
BRDA:4376,586,1,0
BRDA:4378,587,0,0
BRDA:4378,587,1,0
BRDA:4397,588,0,0
BRDA:4397,588,1,0
BRDA:4417,589,0,0
BRDA:4432,590,0,0
BRDA:4432,590,1,0
BRDA:4435,591,0,0
BRDA:4435,591,1,0
BRDA:4437,592,0,0
BRDA:4437,592,1,0
BRDA:4473,593,0,0
BRDA:4473,593,1,0
BRDA:4483,594,0,0
BRDA:4483,594,1,0
BRDA:4490,595,0,0
BRDA:4490,595,1,0
BRDA:4500,596,0,0
BRDA:4500,596,1,0
BRDA:4543,597,0,0
BRDA:4543,597,1,0
BRDA:4543,598,0,0
BRDA:4543,598,1,0
BRDA:4561,599,0,0
BRDA:4561,599,1,0
BRDA:4566,600,0,0
BRDA:4566,600,1,0
BRDA:4566,601,0,0
BRDA:4566,601,1,0
BRDA:4569,602,0,0
BRDA:4569,602,1,0
BRDA:4569,602,2,0
BRDA:4597,603,0,0
BRDA:4597,603,1,0
BRDA:4597,603,2,0
BRDA:4597,603,3,0
BRDA:4597,603,4,0
BRDA:4617,604,0,0
BRDA:4617,604,1,0
BRDA:4617,604,2,0
BRDA:4642,605,0,0
BRDA:4642,605,1,0
BRDA:4644,606,0,0
BRDA:4644,606,1,0
BRDA:4648,607,0,0
BRDA:4648,607,1,0
BRDA:4662,608,0,0
BRDA:4662,608,1,0
BRDA:4694,609,0,0
BRDA:4694,609,1,0
BRDA:4708,610,0,0
BRDA:4708,610,1,0
BRDA:4709,611,0,0
BRDA:4709,611,1,0
BRDA:4712,612,0,0
BRDA:4712,612,1,0
BRDA:4719,613,0,0
BRDA:4719,613,1,0
BRDA:4724,614,0,0
BRDA:4724,614,1,0
BRDA:4746,615,0,0
BRDA:4746,615,1,0
BRDA:4780,616,0,0
BRDA:4780,616,1,0
BRDA:4786,617,0,0
BRDA:4786,617,1,0
BRDA:4788,618,0,0
BRDA:4788,618,1,0
BRDA:4819,619,0,0
BRDA:4819,619,1,0
BRDA:4821,620,0,0
BRDA:4821,620,1,0
BRDA:4861,621,0,0
BRDA:4861,621,1,0
BRDA:4866,622,0,0
BRDA:4866,622,1,0
BRDA:4866,623,0,0
BRDA:4866,623,1,0
BRDA:4881,624,0,0
BRDA:4881,624,1,0
BRDA:4883,625,0,0
BRDA:4883,625,1,0
BRDA:4913,626,0,0
BRDA:4913,626,1,0
BRDA:4920,627,0,0
BRDA:4920,627,1,0
BRDA:4920,628,0,0
BRDA:4920,628,1,0
BRDA:4921,629,0,0
BRDA:4921,629,1,0
BRDA:4948,630,0,0
BRDA:4948,630,1,0
BRDA:4980,631,0,0
BRDA:4980,631,1,0
BRDA:4990,632,0,0
BRDA:4990,632,1,0
BRDA:4991,633,0,0
BRDA:4991,633,1,0
BRDA:4992,634,0,0
BRDA:4992,634,1,0
BRDA:4993,635,0,0
BRDA:4993,635,1,0
BRDA:4994,636,0,0
BRDA:4994,636,1,0
BRDA:4995,637,0,0
BRDA:4995,637,1,0
BRDA:5000,638,0,0
BRDA:5000,638,1,0
BRDA:5020,639,0,0
BRDA:5020,639,1,0
BRDA:5031,640,0,0
BRDA:5031,640,1,0
BRDA:5036,641,0,0
BRDA:5036,641,1,0
BRDA:5051,642,0,0
BRDA:5051,642,1,0
BRDA:5064,643,0,0
BRDA:5064,643,1,0
BRDA:5069,644,0,0
BRDA:5069,644,1,0
BRDA:5086,645,0,0
BRDA:5086,645,1,0
BRDA:5108,646,0,0
BRDA:5108,646,1,0
BRDA:5119,647,0,0
BRDA:5119,647,1,0
BRDA:5140,648,0,0
BRDA:5143,649,0,0
BRDA:5143,649,1,0
BRDA:5149,650,0,0
BRDA:5149,650,1,0
BRDA:5149,651,0,0
BRDA:5149,651,1,0
BRDA:5157,652,0,0
BRDA:5157,652,1,0
BRDA:5176,653,0,0
BRDA:5176,653,1,0
BRDA:5197,654,0,0
BRDA:5197,654,1,0
BRDA:5208,655,0,0
BRDA:5208,655,1,0
BRDA:5229,656,0,0
BRDA:5229,656,1,0
BRDA:5241,657,0,0
BRDA:5241,657,1,0
BRDA:5243,658,0,0
BRDA:5243,658,1,0
BRDA:5264,659,0,0
BRDA:5267,660,0,0
BRDA:5267,660,1,0
BRDA:5274,661,0,0
BRDA:5274,661,1,0
BRDA:5281,662,0,0
BRDA:5281,662,1,0
BRDA:5288,663,0,0
BRDA:5288,663,1,0
BRDA:5327,664,0,0
BRDA:5327,664,1,0
BRDA:5337,665,0,0
BRDA:5337,665,1,0
BRDA:5346,666,0,0
BRDA:5346,666,1,0
BRDA:5346,667,0,0
BRDA:5346,667,1,0
BRDA:5364,668,0,0
BRDA:5364,668,1,0
BRDA:5364,668,2,0
BRDA:5365,669,0,0
BRDA:5365,669,1,0
BRDA:5365,669,2,0
BRDA:5376,670,0,0
BRDA:5376,670,1,0
BRDA:5399,671,0,0
BRDA:5399,671,1,0
BRDA:5415,672,0,0
BRDA:5415,672,1,0
BRDA:5419,673,0,0
BRDA:5419,673,1,0
BRDA:5419,673,2,0
BRDA:5434,674,0,0
BRDA:5434,674,1,0
BRDA:5464,675,0,0
BRDA:5464,675,1,0
BRDA:5465,676,0,0
BRDA:5465,676,1,0
BRDA:5466,677,0,0
BRDA:5466,677,1,0
BRDA:5467,678,0,0
BRDA:5467,678,1,0
BRDA:5474,679,0,0
BRDA:5474,679,1,0
BRDA:5485,680,0,0
BRDA:5497,681,0,0
BRDA:5497,681,1,0
BRDA:5503,682,0,0
BRDA:5503,682,1,0
BRDA:5504,683,0,0
BRDA:5504,683,1,0
BRDA:5532,684,0,0
BRDA:5532,684,1,0
BRDA:5550,685,0,0
BRDA:5550,685,1,0
BRDA:5570,686,0,0
BRDA:5570,686,1,0
BRDA:5574,687,0,0
BRDA:5574,687,1,0
BRDA:5576,688,0,0
BRDA:5576,688,1,0
BRDA:5578,689,0,0
BRDA:5578,689,1,0
BRDA:5580,690,0,0
BRDA:5580,690,1,0
BRDA:5604,691,0,0
BRDA:5604,691,1,0
BRDA:5611,692,0,0
BRDA:5611,692,1,0
BRDA:5618,693,0,0
BRDA:5618,693,1,0
BRDA:5618,693,2,0
BRDA:5623,694,0,0
BRDA:5623,694,1,0
BRDA:5624,695,0,0
BRDA:5624,695,1,0
BRDA:5627,696,0,0
BRDA:5627,696,1,0
BRDA:5628,697,0,0
BRDA:5628,697,1,0
BRDA:5629,698,0,0
BRDA:5629,698,1,0
BRDA:5630,699,0,0
BRDA:5630,699,1,0
BRDA:5632,700,0,0
BRDA:5632,700,1,0
BRDA:5639,701,0,0
BRDA:5639,701,1,0
BRDA:5654,702,0,0
BRDA:5654,702,1,0
BRDA:5677,703,0,0
BRDA:5681,704,0,0
BRDA:5681,704,1,0
BRDA:5689,705,0,0
BRDA:5689,705,1,0
BRDA:5703,706,0,0
BRDA:5703,706,1,0
BRDA:5708,707,0,0
BRDA:5708,707,1,0
BRDA:5733,708,0,0
BRDA:5733,708,1,0
BRDA:5740,709,0,0
BRDA:5740,709,1,0
BRDA:5743,710,0,0
BRDA:5743,710,1,0
BRDA:5755,711,0,0
BRDA:5755,711,1,0
BRDA:5757,712,0,0
BRDA:5757,712,1,0
BRDA:5757,713,0,0
BRDA:5757,713,1,0
BRDA:5762,714,0,0
BRDA:5762,714,1,0
BRDA:5766,715,0,0
BRDA:5766,715,1,0
BRDA:5777,716,0,0
BRDA:5777,716,1,0
BRDA:5777,716,2,0
BRDA:5779,717,0,0
BRDA:5779,717,1,0
BRDA:5780,718,0,0
BRDA:5780,718,1,0
BRDA:5780,718,2,0
BRDA:5781,719,0,0
BRDA:5781,719,1,0
BRDA:5783,720,0,0
BRDA:5783,720,1,0
BRDA:5784,721,0,0
BRDA:5784,721,1,0
BRDA:5785,722,0,0
BRDA:5785,722,1,0
BRDA:5786,723,0,0
BRDA:5786,723,1,0
BRDA:5787,724,0,0
BRDA:5787,724,1,0
BRDA:5788,725,0,0
BRDA:5788,725,1,0
BRDA:5789,726,0,0
BRDA:5789,726,1,0
BRDA:5789,727,0,0
BRDA:5789,727,1,0
BRDA:5790,728,0,0
BRDA:5790,728,1,0
BRDA:5791,729,0,0
BRDA:5791,729,1,0
BRDA:5791,729,2,0
BRDA:5792,730,0,0
BRDA:5792,730,1,0
BRDA:5804,731,0,0
BRDA:5804,731,1,0
BRDA:5826,732,0,0
BRDA:5826,732,1,0
BRDA:5834,733,0,0
BRDA:5834,733,1,0
BRDA:5853,734,0,0
BRDA:5856,735,0,0
BRDA:5856,735,1,0
BRDA:5869,736,0,0
BRDA:5869,736,1,0
BRDA:5875,737,0,0
BRDA:5875,737,1,0
BRDA:5880,738,0,0
BRDA:5880,738,1,0
BRDA:5900,739,0,0
BRDA:5900,739,1,0
BRDA:5924,740,0,0
BRDA:5924,740,1,0
BRDA:5944,741,0,0
BRDA:5944,741,1,0
BRDA:5950,742,0,0
BRDA:5950,742,1,0
BRDA:5954,743,0,0
BRDA:5954,743,1,0
BRDA:5971,744,0,0
BRDA:5971,744,1,0
BRDA:6002,745,0,0
BRDA:6002,745,1,0
BRDA:6007,746,0,0
BRDA:6007,746,1,0
BRDA:6022,747,0,0
BRDA:6022,747,1,0
BRDA:6030,748,0,0
BRDA:6030,748,1,0
BRDA:6031,749,0,0
BRDA:6031,749,1,0
BRDA:6032,750,0,0
BRDA:6032,750,1,0
BRDA:6033,751,0,0
BRDA:6033,751,1,0
BRDA:6034,752,0,0
BRDA:6034,752,1,0
BRDA:6035,753,0,0
BRDA:6035,753,1,0
BRDA:6036,754,0,0
BRDA:6036,754,1,0
BRDA:6037,755,0,0
BRDA:6037,755,1,0
BRDA:6038,756,0,0
BRDA:6038,756,1,0
BRDA:6045,757,0,0
BRDA:6045,757,1,0
BRDA:6066,758,0,0
BRDA:6066,758,1,0
BRDA:6087,759,0,0
BRDA:6087,759,1,0
BRDA:6096,760,0,0
BRDA:6096,760,1,0
BRDA:6116,761,0,0
BRDA:6116,761,1,0
BRDA:6126,762,0,0
BRDA:6126,762,1,0
BRDA:6158,763,0,0
BRDA:6158,763,1,0
BRDA:6182,764,0,0
BRDA:6182,764,1,0
BRDA:6206,765,0,0
BRDA:6206,765,1,0
BRDA:6227,766,0,0
BRDA:6232,767,0,0
BRDA:6232,767,1,0
BRDA:6234,768,0,0
BRDA:6234,768,1,0
BRDA:6241,769,0,0
BRDA:6241,769,1,0
BRDA:6261,770,0,0
BRDA:6261,770,1,0
BRDA:6274,771,0,0
BRDA:6274,771,1,0
BRDA:6290,772,0,0
BRDA:6290,772,1,0
BRDA:6316,773,0,0
BRDA:6316,773,1,0
BRDA:6338,774,0,0
BRDA:6338,774,1,0
BRDA:6354,775,0,0
BRDA:6354,776,0,0
BRDA:6363,777,0,0
BRDA:6363,777,1,0
BRDA:6363,778,0,0
BRDA:6363,778,1,0
BRDA:6369,779,0,0
BRDA:6369,779,1,0
BRDA:6375,780,0,0
BRDA:6375,780,1,0
BRDA:6377,781,0,0
BRDA:6377,781,1,0
BRDA:6391,782,0,0
BRDA:6391,782,1,0
BRDA:6392,783,0,0
BRDA:6392,783,1,0
BRDA:6400,784,0,0
BRDA:6400,784,1,0
BRDA:6426,785,0,0
BRDA:6426,785,1,0
BRDA:6445,786,0,0
BRDA:6448,787,0,0
BRDA:6448,787,1,0
BRDA:6460,788,0,0
BRDA:6460,788,1,0
BRDA:6466,789,0,0
BRDA:6466,789,1,0
BRDA:6471,790,0,0
BRDA:6471,790,1,0
BRDA:6481,791,0,0
BRDA:6484,792,0,0
BRDA:6484,792,1,0
BRDA:6497,793,0,0
BRDA:6497,793,1,0
BRDA:6503,794,0,0
BRDA:6503,794,1,0
BRDA:6508,795,0,0
BRDA:6508,795,1,0
BRDA:6518,796,0,0
BRDA:6521,797,0,0
BRDA:6521,797,1,0
BRDA:6533,798,0,0
BRDA:6533,798,1,0
BRDA:6539,799,0,0
BRDA:6539,799,1,0
BRDA:6544,800,0,0
BRDA:6544,800,1,0
BRDA:6554,801,0,0
BRDA:6554,802,0,0
BRDA:6554,803,0,0
BRDA:6557,804,0,0
BRDA:6557,804,1,0
BRDA:6580,805,0,0
BRDA:6580,805,1,0
BRDA:6584,806,0,0
BRDA:6584,806,1,0
BRDA:6588,807,0,0
BRDA:6588,807,1,0
BRDA:6594,808,0,0
BRDA:6594,808,1,0
BRDA:6607,809,0,0
BRDA:6607,809,1,0
BRDA:6612,810,0,0
BRDA:6612,810,1,0
BRDA:6613,811,0,0
BRDA:6613,811,1,0
BRDA:6638,812,0,0
BRDA:6638,813,0,0
BRDA:6641,814,0,0
BRDA:6641,814,1,0
BRDA:6656,815,0,0
BRDA:6656,815,1,0
BRDA:6662,816,0,0
BRDA:6662,816,1,0
BRDA:6670,817,0,0
BRDA:6670,817,1,0
BRDA:6671,818,0,0
BRDA:6671,818,1,0
BRDA:6697,819,0,0
BRDA:6697,819,1,0
BRDA:6697,820,0,0
BRDA:6697,820,1,0
BRDA:6709,821,0,0
BRDA:6709,821,1,0
BRDA:6715,822,0,0
BRDA:6715,822,1,0
BRDA:6718,823,0,0
BRDA:6718,823,1,0
BRDA:6727,824,0,0
BRDA:6727,824,1,0
BRDA:6738,825,0,0
BRDA:6741,826,0,0
BRDA:6741,826,1,0
BRDA:6753,827,0,0
BRDA:6753,827,1,0
BRDA:6763,828,0,0
BRDA:6763,828,1,0
BRDA:6764,829,0,0
BRDA:6764,829,1,0
BRDA:6767,830,0,0
BRDA:6767,830,1,0
BRDA:6771,831,0,0
BRDA:6771,831,1,0
BRDA:6784,832,0,0
BRDA:6784,832,1,0
BRDA:6800,833,0,0
BRDA:6800,833,1,0
BRDA:6801,834,0,0
BRDA:6801,834,1,0
BRDA:6831,835,0,0
BRDA:6831,835,1,0
BRDA:6831,836,0,0
BRDA:6831,836,1,0
BRDA:6831,836,2,0
BRDA:6838,837,0,0
BRDA:6838,837,1,0
BRDA:6850,838,0,0
BRDA:6850,838,1,0
BRDA:6876,839,0,0
BRDA:6876,839,1,0
BRDA:6876,840,0,0
BRDA:6876,840,1,0
BRDA:6881,841,0,0
BRDA:6881,841,1,0
BRDA:6882,842,0,0
BRDA:6882,842,1,0
BRDA:6897,843,0,0
BRDA:6897,843,1,0
BRDA:6897,844,0,0
BRDA:6897,844,1,0
BRDA:6904,845,0,0
BRDA:6904,845,1,0
BRDA:6936,846,0,0
BRDA:6936,846,1,0
BRDA:6936,847,0,0
BRDA:6936,847,1,0
BRDA:6942,848,0,0
BRDA:6942,848,1,0
BRDA:6952,849,0,0
BRDA:6952,849,1,0
BRDA:6952,850,0,0
BRDA:6952,850,1,0
BRDA:6960,851,0,0
BRDA:6960,851,1,0
BRDA:6965,852,0,0
BRDA:6965,852,1,0
BRDA:6979,853,0,0
BRDA:6979,853,1,0
BRDA:7007,854,0,0
BRDA:7019,855,0,0
BRDA:7019,855,1,0
BRDA:7025,856,0,0
BRDA:7025,856,1,0
BRDA:7045,857,0,0
BRDA:7045,857,1,0
BRDA:7060,858,0,0
BRDA:7060,858,1,0
BRDA:7065,859,0,0
BRDA:7065,859,1,0
BRDA:7065,860,0,0
BRDA:7065,860,1,0
BRDA:7106,861,0,0
BRDA:7106,861,1,0
BRDA:7141,862,0,0
BRDA:7141,862,1,0
BRDA:7144,863,0,0
BRDA:7144,863,1,0
BRDA:7144,864,0,0
BRDA:7144,864,1,0
BRDA:7151,865,0,0
BRDA:7151,865,1,0
BRDA:7152,866,0,0
BRDA:7152,866,1,0
BRDA:7153,867,0,0
BRDA:7153,867,1,0
BRDA:7154,868,0,0
BRDA:7154,868,1,0
BRDA:7184,869,0,0
BRDA:7184,869,1,0
BRDA:7203,870,0,0
BRDA:7203,870,1,0
BRDA:7246,871,0,0
BRDA:7246,871,1,0
BRDA:7259,872,0,0
BRDA:7259,872,1,0
BRDA:7260,873,0,0
BRDA:7260,873,1,0
BRDA:7262,874,0,0
BRDA:7262,874,1,0
BRDA:7267,875,0,0
BRDA:7267,875,1,0
BRDA:7269,876,0,0
BRDA:7269,876,1,0
BRDA:7269,877,0,0
BRDA:7269,877,1,0
BRDA:7271,878,0,0
BRDA:7271,878,1,0
BRDA:7271,879,0,0
BRDA:7271,879,1,0
BRDA:7271,879,2,0
BRDA:7273,880,0,0
BRDA:7273,880,1,0
BRDA:7273,881,0,0
BRDA:7273,881,1,0
BRDA:7277,882,0,0
BRDA:7277,882,1,0
BRDA:7282,883,0,0
BRDA:7282,883,1,0
BRDA:7295,884,0,0
BRDA:7295,884,1,0
BRDA:7297,885,0,0
BRDA:7297,885,1,0
BRDA:7297,886,0,0
BRDA:7297,886,1,0
BRDA:7299,887,0,0
BRDA:7299,887,1,0
BRDA:7305,888,0,0
BRDA:7305,888,1,0
BRDA:7311,889,0,0
BRDA:7311,889,1,0
BRDA:7337,890,0,0
BRDA:7337,890,1,0
BRDA:7367,891,0,0
BRDA:7367,892,0,0
BRDA:7369,893,0,0
BRDA:7369,893,1,0
BRDA:7369,894,0,0
BRDA:7369,894,1,0
BRDA:7377,895,0,0
BRDA:7377,895,1,0
BRDA:7412,896,0,0
BRDA:7412,896,1,0
BRDA:7422,897,0,0
BRDA:7422,897,1,0
BRDA:7425,898,0,0
BRDA:7425,898,1,0
BRDA:7430,899,0,0
BRDA:7430,899,1,0
BRDA:7450,900,0,0
BRDA:7489,901,0,0
BRDA:7489,901,1,0
BRDA:7498,902,0,0
BRDA:7498,902,1,0
BRDA:7503,903,0,0
BRDA:7503,903,1,0
BRDA:7522,904,0,0
BRDA:7522,904,1,0
BRDA:7537,905,0,0
BRDA:7537,905,1,0
BRDA:7562,906,0,0
BRDA:7562,906,1,0
BRDA:7579,907,0,0
BRDA:7579,907,1,0
BRDA:7581,908,0,0
BRDA:7581,908,1,0
BRDA:7583,909,0,0
BRDA:7583,909,1,0
BRDA:7587,910,0,0
BRDA:7587,910,1,0
BRDA:7592,911,0,0
BRDA:7592,911,1,0
BRDA:7632,912,0,0
BRDA:7632,912,1,0
BRDA:7639,913,0,0
BRDA:7639,913,1,0
BRDA:7640,914,0,0
BRDA:7640,914,1,0
BRDA:7659,915,0,0
BRDA:7659,915,1,0
BRDA:7670,916,0,0
BRDA:7670,916,1,0
BRDA:7671,917,0,0
BRDA:7671,917,1,0
BRDA:7676,918,0,0
BRDA:7676,918,1,0
BRDA:7706,919,0,0
BRDA:7706,919,1,0
BRDA:7706,920,0,0
BRDA:7706,920,1,0
BRDA:7709,921,0,0
BRDA:7709,921,1,0
BRDA:7717,922,0,0
BRDA:7717,922,1,0
BRDA:7735,923,0,0
BRDA:7735,923,1,0
BRDA:7771,924,0,0
BRDA:7771,924,1,0
BRDA:7778,925,0,0
BRDA:7778,925,1,0
BRDA:7779,926,0,0
BRDA:7779,926,1,0
BRDA:7796,927,0,0
BRDA:7799,928,0,0
BRDA:7799,928,1,0
BRDA:7803,929,0,0
BRDA:7803,929,1,0
BRDA:7814,930,0,0
BRDA:7814,930,1,0
BRDA:7816,931,0,0
BRDA:7816,931,1,0
BRDA:7836,932,0,0
BRDA:7836,932,1,0
BRDA:7857,933,0,0
BRDA:7857,933,1,0
BRDA:7863,934,0,0
BRDA:7863,934,1,0
BRDA:7865,935,0,0
BRDA:7865,935,1,0
BRDA:7868,936,0,0
BRDA:7868,936,1,0
BRDA:7881,937,0,0
BRDA:7881,937,1,0
BRDA:7881,938,0,0
BRDA:7881,938,1,0
BRDA:7899,939,0,0
BRDA:7899,939,1,0
BRDA:7936,940,0,0
BRDA:7936,940,1,0
BRDA:7936,941,0,0
BRDA:7936,941,1,0
BRDA:7949,942,0,0
BRDA:7949,942,1,0
BRDA:7963,943,0,0
BRDA:7966,944,0,0
BRDA:7966,944,1,0
BRDA:7975,945,0,0
BRDA:7975,945,1,0
BRDA:7980,946,0,0
BRDA:7980,946,1,0
BRDA:7980,947,0,0
BRDA:7980,947,1,0
BRDA:7988,948,0,0
BRDA:7988,948,1,0
BRDA:7997,949,0,0
BRDA:7997,949,1,0
BRDA:8001,950,0,0
BRDA:8001,950,1,0
BRF:1917
BRH:0
end_of_record
